SF:/home/matthew/develop/personal/gdsr/crates/gdsr/src/cell/io.rs
FN:12,_RNvXNtNtCseALiLYCy7VT_4gdsr4cell2ioNtB4_4CellNtNtB6_6traits5ToGds11to_gds_impl
FN:12,_RNvXNtNtCsjdcaWkh8Zqt_4gdsr4cell2ioNtB4_4CellNtNtB6_6traits5ToGds11to_gds_impl
FNDA:19,_RNvXNtNtCseALiLYCy7VT_4gdsr4cell2ioNtB4_4CellNtNtB6_6traits5ToGds11to_gds_impl
FNDA:0,_RNvXNtNtCsjdcaWkh8Zqt_4gdsr4cell2ioNtB4_4CellNtNtB6_6traits5ToGds11to_gds_impl
FNF:1
FNH:1
DA:12,19
DA:13,19
DA:14,19
DA:16,19
DA:17,19
DA:18,19
DA:19,19
DA:20,19
DA:21,19
DA:22,19
DA:23,19
DA:24,19
DA:25,19
DA:26,19
DA:27,19
DA:28,19
DA:29,19
DA:30,19
DA:31,19
DA:33,19
DA:35,19
DA:37,25
DA:38,6
DA:41,54
DA:42,35
DA:45,24
DA:46,5
DA:49,24
DA:50,5
DA:53,19
DA:54,19
DA:55,19
DA:56,19
DA:58,19
DA:60,19
DA:61,19
BRF:0
BRH:0
LF:36
LH:36
end_of_record
SF:/home/matthew/develop/personal/gdsr/crates/gdsr/src/cell/mod.rs
FN:51,_RINvMNtCseALiLYCy7VT_4gdsr4cellNtB3_4Cell3addNtNtNtB5_8elements9reference9ReferenceECscAl2Su1aNRC_4gdsr
FN:105,_RNCNvXs0_NtCseALiLYCy7VT_4gdsr4cellNtB7_4CellNtNtB9_6traits13Transformable14transform_impl0B9_
FN:117,_RNCNvXs0_NtCseALiLYCy7VT_4gdsr4cellNtB7_4CellNtNtB9_6traits13Transformable14transform_impls0_0B9_
FN:123,_RNCNvXs0_NtCseALiLYCy7VT_4gdsr4cellNtB7_4CellNtNtB9_6traits13Transformable14transform_impls1_0B9_
FN:111,_RNCNvXs0_NtCseALiLYCy7VT_4gdsr4cellNtB7_4CellNtNtB9_6traits13Transformable14transform_impls_0B9_
FN:135,_RNCNvXs1_NtCseALiLYCy7VT_4gdsr4cellNtB7_4CellNtNtB9_6traits7Movable7move_to0B9_
FN:147,_RNCNvXs1_NtCseALiLYCy7VT_4gdsr4cellNtB7_4CellNtNtB9_6traits7Movable7move_tos0_0B9_
FN:153,_RNCNvXs1_NtCseALiLYCy7VT_4gdsr4cellNtB7_4CellNtNtB9_6traits7Movable7move_tos1_0B9_
FN:141,_RNCNvXs1_NtCseALiLYCy7VT_4gdsr4cellNtB7_4CellNtNtB9_6traits7Movable7move_tos_0B9_
FN:47,_RNvMNtCseALiLYCy7VT_4gdsr4cellNtB2_4Cell10references
FN:60,_RNvMNtCseALiLYCy7VT_4gdsr4cellNtB2_4Cell12get_elements
FN:17,_RNvMNtCseALiLYCy7VT_4gdsr4cellNtB2_4Cell3new
FN:27,_RNvMNtCseALiLYCy7VT_4gdsr4cellNtB2_4Cell4name
FN:39,_RNvMNtCseALiLYCy7VT_4gdsr4cellNtB2_4Cell5paths
FN:43,_RNvMNtCseALiLYCy7VT_4gdsr4cellNtB2_4Cell5texts
FN:35,_RNvMNtCseALiLYCy7VT_4gdsr4cellNtB2_4Cell8polygons
FN:31,_RNvMNtCseALiLYCy7VT_4gdsr4cellNtB2_4Cell8set_name
FN:101,_RNvXs0_NtCseALiLYCy7VT_4gdsr4cellNtB5_4CellNtNtB7_6traits13Transformable14transform_impl
FN:131,_RNvXs1_NtCseALiLYCy7VT_4gdsr4cellNtB5_4CellNtNtB7_6traits7Movable7move_to
FN:88,_RNvXs_NtCseALiLYCy7VT_4gdsr4cellNtB4_4CellNtNtCs3XFJfFEDSOQ_4core3fmt7Display3fmt
FN:31,_RNvMNtCsjdcaWkh8Zqt_4gdsr4cellNtB2_4Cell8set_name
FN:47,_RNvMNtCsjdcaWkh8Zqt_4gdsr4cellNtB2_4Cell10references
FN:60,_RNvMNtCsjdcaWkh8Zqt_4gdsr4cellNtB2_4Cell12get_elements
FN:17,_RNvMNtCsjdcaWkh8Zqt_4gdsr4cellNtB2_4Cell3new
FN:27,_RNvMNtCsjdcaWkh8Zqt_4gdsr4cellNtB2_4Cell4name
FN:39,_RNvMNtCsjdcaWkh8Zqt_4gdsr4cellNtB2_4Cell5paths
FN:43,_RNvMNtCsjdcaWkh8Zqt_4gdsr4cellNtB2_4Cell5texts
FN:35,_RNvMNtCsjdcaWkh8Zqt_4gdsr4cellNtB2_4Cell8polygons
FN:101,_RNvXs0_NtCsjdcaWkh8Zqt_4gdsr4cellNtB5_4CellNtNtB7_6traits13Transformable14transform_impl
FN:131,_RNvXs1_NtCsjdcaWkh8Zqt_4gdsr4cellNtB5_4CellNtNtB7_6traits7Movable7move_to
FN:88,_RNvXs_NtCsjdcaWkh8Zqt_4gdsr4cellNtB4_4CellNtNtCs3XFJfFEDSOQ_4core3fmt7Display3fmt
FN:207,_RNvNtNtCsjdcaWkh8Zqt_4gdsr4cell5testss_13test_add_path
FN:223,_RNvNtNtCsjdcaWkh8Zqt_4gdsr4cell5testss_13test_add_text
FN:168,_RNvNtNtCsjdcaWkh8Zqt_4gdsr4cell5testss_13test_cell_new
FN:188,_RNvNtNtCsjdcaWkh8Zqt_4gdsr4cell5testss_16test_add_polygon
FN:178,_RNvNtNtCsjdcaWkh8Zqt_4gdsr4cell5testss_17test_cell_default
FN:242,_RNvNtNtCsjdcaWkh8Zqt_4gdsr4cell5testss_17test_cell_display
FN:262,_RNvNtNtCsjdcaWkh8Zqt_4gdsr4cell5testss_22test_cell_get_elements
FN:51,_RINvMNtCsjdcaWkh8Zqt_4gdsr4cellNtB3_4Cell3addNtNtNtB5_8elements4path4PathEB5_
FN:51,_RINvMNtCsjdcaWkh8Zqt_4gdsr4cellNtB3_4Cell3addNtNtNtB5_8elements4text4TextEB5_
FN:51,_RINvMNtCsjdcaWkh8Zqt_4gdsr4cellNtB3_4Cell3addNtNtNtB5_8elements7polygon7PolygonEB5_
FN:51,_RINvMNtCsjdcaWkh8Zqt_4gdsr4cellNtB3_4Cell3addNtNtNtB5_8elements9reference9ReferenceEB5_
FN:105,_RNCNvXs0_NtCsjdcaWkh8Zqt_4gdsr4cellNtB7_4CellNtNtB9_6traits13Transformable14transform_impl0B9_
FN:117,_RNCNvXs0_NtCsjdcaWkh8Zqt_4gdsr4cellNtB7_4CellNtNtB9_6traits13Transformable14transform_impls0_0B9_
FN:123,_RNCNvXs0_NtCsjdcaWkh8Zqt_4gdsr4cellNtB7_4CellNtNtB9_6traits13Transformable14transform_impls1_0B9_
FN:111,_RNCNvXs0_NtCsjdcaWkh8Zqt_4gdsr4cellNtB7_4CellNtNtB9_6traits13Transformable14transform_impls_0B9_
FN:135,_RNCNvXs1_NtCsjdcaWkh8Zqt_4gdsr4cellNtB7_4CellNtNtB9_6traits7Movable7move_to0B9_
FN:147,_RNCNvXs1_NtCsjdcaWkh8Zqt_4gdsr4cellNtB7_4CellNtNtB9_6traits7Movable7move_tos0_0B9_
FN:153,_RNCNvXs1_NtCsjdcaWkh8Zqt_4gdsr4cellNtB7_4CellNtNtB9_6traits7Movable7move_tos1_0B9_
FN:141,_RNCNvXs1_NtCsjdcaWkh8Zqt_4gdsr4cellNtB7_4CellNtNtB9_6traits7Movable7move_tos_0B9_
FN:51,_RINvMNtCseALiLYCy7VT_4gdsr4cellNtB3_4Cell3addNtNtNtB5_8elements4path4PathECsfi9sC8nGtV7_10read_write
FN:51,_RINvMNtCseALiLYCy7VT_4gdsr4cellNtB3_4Cell3addNtNtNtB5_8elements4text4TextECsfi9sC8nGtV7_10read_write
FN:51,_RINvMNtCseALiLYCy7VT_4gdsr4cellNtB3_4Cell3addNtNtNtB5_8elements7element7ElementECsfi9sC8nGtV7_10read_write
FN:51,_RINvMNtCseALiLYCy7VT_4gdsr4cellNtB3_4Cell3addNtNtNtB5_8elements7polygon7PolygonECsfi9sC8nGtV7_10read_write
FN:51,_RINvMNtCseALiLYCy7VT_4gdsr4cellNtB3_4Cell3addNtNtNtB5_8elements9reference9ReferenceECsfi9sC8nGtV7_10read_write
FNDA:0,_RINvMNtCseALiLYCy7VT_4gdsr4cellNtB3_4Cell3addNtNtNtB5_8elements9reference9ReferenceECscAl2Su1aNRC_4gdsr
FNDA:0,_RNCNvXs0_NtCseALiLYCy7VT_4gdsr4cellNtB7_4CellNtNtB9_6traits13Transformable14transform_impl0B9_
FNDA:0,_RNCNvXs0_NtCseALiLYCy7VT_4gdsr4cellNtB7_4CellNtNtB9_6traits13Transformable14transform_impls0_0B9_
FNDA:0,_RNCNvXs0_NtCseALiLYCy7VT_4gdsr4cellNtB7_4CellNtNtB9_6traits13Transformable14transform_impls1_0B9_
FNDA:0,_RNCNvXs0_NtCseALiLYCy7VT_4gdsr4cellNtB7_4CellNtNtB9_6traits13Transformable14transform_impls_0B9_
FNDA:0,_RNCNvXs1_NtCseALiLYCy7VT_4gdsr4cellNtB7_4CellNtNtB9_6traits7Movable7move_to0B9_
FNDA:0,_RNCNvXs1_NtCseALiLYCy7VT_4gdsr4cellNtB7_4CellNtNtB9_6traits7Movable7move_tos0_0B9_
FNDA:0,_RNCNvXs1_NtCseALiLYCy7VT_4gdsr4cellNtB7_4CellNtNtB9_6traits7Movable7move_tos1_0B9_
FNDA:0,_RNCNvXs1_NtCseALiLYCy7VT_4gdsr4cellNtB7_4CellNtNtB9_6traits7Movable7move_tos_0B9_
FNDA:0,_RNvMNtCseALiLYCy7VT_4gdsr4cellNtB2_4Cell10references
FNDA:0,_RNvMNtCseALiLYCy7VT_4gdsr4cellNtB2_4Cell12get_elements
FNDA:19,_RNvMNtCseALiLYCy7VT_4gdsr4cellNtB2_4Cell3new
FNDA:40,_RNvMNtCseALiLYCy7VT_4gdsr4cellNtB2_4Cell4name
FNDA:0,_RNvMNtCseALiLYCy7VT_4gdsr4cellNtB2_4Cell5paths
FNDA:0,_RNvMNtCseALiLYCy7VT_4gdsr4cellNtB2_4Cell5texts
FNDA:0,_RNvMNtCseALiLYCy7VT_4gdsr4cellNtB2_4Cell8polygons
FNDA:19,_RNvMNtCseALiLYCy7VT_4gdsr4cellNtB2_4Cell8set_name
FNDA:0,_RNvXs0_NtCseALiLYCy7VT_4gdsr4cellNtB5_4CellNtNtB7_6traits13Transformable14transform_impl
FNDA:0,_RNvXs1_NtCseALiLYCy7VT_4gdsr4cellNtB5_4CellNtNtB7_6traits7Movable7move_to
FNDA:0,_RNvXs_NtCseALiLYCy7VT_4gdsr4cellNtB4_4CellNtNtCs3XFJfFEDSOQ_4core3fmt7Display3fmt
FNDA:0,_RNvMNtCsjdcaWkh8Zqt_4gdsr4cellNtB2_4Cell8set_name
FNDA:1,_RNvMNtCsjdcaWkh8Zqt_4gdsr4cellNtB2_4Cell10references
FNDA:3,_RNvMNtCsjdcaWkh8Zqt_4gdsr4cellNtB2_4Cell12get_elements
FNDA:20,_RNvMNtCsjdcaWkh8Zqt_4gdsr4cellNtB2_4Cell3new
FNDA:16,_RNvMNtCsjdcaWkh8Zqt_4gdsr4cellNtB2_4Cell4name
FNDA:1,_RNvMNtCsjdcaWkh8Zqt_4gdsr4cellNtB2_4Cell5paths
FNDA:1,_RNvMNtCsjdcaWkh8Zqt_4gdsr4cellNtB2_4Cell5texts
FNDA:1,_RNvMNtCsjdcaWkh8Zqt_4gdsr4cellNtB2_4Cell8polygons
FNDA:1,_RNvXs0_NtCsjdcaWkh8Zqt_4gdsr4cellNtB5_4CellNtNtB7_6traits13Transformable14transform_impl
FNDA:1,_RNvXs1_NtCsjdcaWkh8Zqt_4gdsr4cellNtB5_4CellNtNtB7_6traits7Movable7move_to
FNDA:1,_RNvXs_NtCsjdcaWkh8Zqt_4gdsr4cellNtB4_4CellNtNtCs3XFJfFEDSOQ_4core3fmt7Display3fmt
FNDA:1,_RNvNtNtCsjdcaWkh8Zqt_4gdsr4cell5testss_13test_add_path
FNDA:1,_RNvNtNtCsjdcaWkh8Zqt_4gdsr4cell5testss_13test_add_text
FNDA:1,_RNvNtNtCsjdcaWkh8Zqt_4gdsr4cell5testss_13test_cell_new
FNDA:1,_RNvNtNtCsjdcaWkh8Zqt_4gdsr4cell5testss_16test_add_polygon
FNDA:1,_RNvNtNtCsjdcaWkh8Zqt_4gdsr4cell5testss_17test_cell_default
FNDA:1,_RNvNtNtCsjdcaWkh8Zqt_4gdsr4cell5testss_17test_cell_display
FNDA:1,_RNvNtNtCsjdcaWkh8Zqt_4gdsr4cell5testss_22test_cell_get_elements
FNDA:2,_RINvMNtCsjdcaWkh8Zqt_4gdsr4cellNtB3_4Cell3addNtNtNtB5_8elements4path4PathEB5_
FNDA:2,_RINvMNtCsjdcaWkh8Zqt_4gdsr4cellNtB3_4Cell3addNtNtNtB5_8elements4text4TextEB5_
FNDA:3,_RINvMNtCsjdcaWkh8Zqt_4gdsr4cellNtB3_4Cell3addNtNtNtB5_8elements7polygon7PolygonEB5_
FNDA:1,_RINvMNtCsjdcaWkh8Zqt_4gdsr4cellNtB3_4Cell3addNtNtNtB5_8elements9reference9ReferenceEB5_
FNDA:1,_RNCNvXs0_NtCsjdcaWkh8Zqt_4gdsr4cellNtB7_4CellNtNtB9_6traits13Transformable14transform_impl0B9_
FNDA:1,_RNCNvXs0_NtCsjdcaWkh8Zqt_4gdsr4cellNtB7_4CellNtNtB9_6traits13Transformable14transform_impls0_0B9_
FNDA:1,_RNCNvXs0_NtCsjdcaWkh8Zqt_4gdsr4cellNtB7_4CellNtNtB9_6traits13Transformable14transform_impls1_0B9_
FNDA:1,_RNCNvXs0_NtCsjdcaWkh8Zqt_4gdsr4cellNtB7_4CellNtNtB9_6traits13Transformable14transform_impls_0B9_
FNDA:1,_RNCNvXs1_NtCsjdcaWkh8Zqt_4gdsr4cellNtB7_4CellNtNtB9_6traits7Movable7move_to0B9_
FNDA:1,_RNCNvXs1_NtCsjdcaWkh8Zqt_4gdsr4cellNtB7_4CellNtNtB9_6traits7Movable7move_tos0_0B9_
FNDA:1,_RNCNvXs1_NtCsjdcaWkh8Zqt_4gdsr4cellNtB7_4CellNtNtB9_6traits7Movable7move_tos1_0B9_
FNDA:1,_RNCNvXs1_NtCsjdcaWkh8Zqt_4gdsr4cellNtB7_4CellNtNtB9_6traits7Movable7move_tos_0B9_
FNDA:12,_RINvMNtCseALiLYCy7VT_4gdsr4cellNtB3_4Cell3addNtNtNtB5_8elements4path4PathECsfi9sC8nGtV7_10read_write
FNDA:10,_RINvMNtCseALiLYCy7VT_4gdsr4cellNtB3_4Cell3addNtNtNtB5_8elements4text4TextECsfi9sC8nGtV7_10read_write
FNDA:22,_RINvMNtCseALiLYCy7VT_4gdsr4cellNtB3_4Cell3addNtNtNtB5_8elements7element7ElementECsfi9sC8nGtV7_10read_write
FNDA:48,_RINvMNtCseALiLYCy7VT_4gdsr4cellNtB3_4Cell3addNtNtNtB5_8elements7polygon7PolygonECsfi9sC8nGtV7_10read_write
FNDA:10,_RINvMNtCseALiLYCy7VT_4gdsr4cellNtB3_4Cell3addNtNtNtB5_8elements9reference9ReferenceECsfi9sC8nGtV7_10read_write
FNF:27
FNH:27
DA:17,39
DA:18,39
DA:19,39
DA:20,39
DA:21,39
DA:22,39
DA:23,39
DA:24,39
DA:25,39
DA:27,56
DA:28,56
DA:29,56
DA:31,19
DA:32,19
DA:33,19
DA:35,1
DA:36,1
DA:37,1
DA:39,1
DA:40,1
DA:41,1
DA:43,1
DA:44,1
DA:45,1
DA:47,1
DA:48,1
DA:49,1
DA:51,110
DA:52,110
DA:53,14
DA:54,73
DA:55,11
DA:56,12
DA:58,110
DA:60,3
DA:61,3
DA:62,3
DA:64,6
DA:65,3
DA:66,3
DA:68,6
DA:69,3
DA:70,3
DA:72,6
DA:73,3
DA:74,3
DA:76,6
DA:77,3
DA:78,15
DA:79,12
DA:80,12
DA:83,3
DA:84,3
DA:88,1
DA:89,1
DA:90,1
DA:91,1
DA:93,1
DA:94,1
DA:95,1
DA:97,1
DA:101,1
DA:102,1
DA:103,1
DA:104,1
DA:105,1
DA:106,1
DA:108,1
DA:109,1
DA:110,1
DA:111,1
DA:112,1
DA:114,1
DA:115,1
DA:116,1
DA:117,1
DA:118,1
DA:120,1
DA:121,1
DA:122,1
DA:123,1
DA:124,1
DA:126,1
DA:127,1
DA:131,1
DA:132,1
DA:133,1
DA:134,1
DA:135,1
DA:136,1
DA:138,1
DA:139,1
DA:140,1
DA:141,1
DA:142,1
DA:144,1
DA:145,1
DA:146,1
DA:147,1
DA:148,1
DA:150,1
DA:151,1
DA:152,1
DA:153,1
DA:154,1
DA:156,1
DA:157,1
DA:168,1
DA:169,1
DA:170,1
DA:171,1
DA:172,1
DA:173,1
DA:174,1
DA:175,1
DA:178,1
DA:179,1
DA:180,1
DA:181,1
DA:182,1
DA:183,1
DA:184,1
DA:185,1
DA:188,1
DA:189,1
DA:190,1
DA:191,1
DA:192,1
DA:193,1
DA:194,1
DA:195,1
DA:201,1
DA:202,1
DA:203,1
DA:204,1
DA:207,1
DA:208,1
DA:209,1
DA:210,1
DA:213,1
DA:214,1
DA:217,1
DA:218,1
DA:219,1
DA:220,1
DA:223,1
DA:224,1
DA:225,1
DA:226,1
DA:227,1
DA:232,1
DA:233,1
DA:236,1
DA:237,1
DA:238,1
DA:239,1
DA:242,1
DA:243,1
DA:244,1
DA:245,1
DA:246,1
DA:247,1
DA:248,1
DA:249,1
DA:254,1
DA:256,1
DA:257,1
DA:258,1
DA:259,1
DA:262,1
DA:263,1
DA:265,1
DA:266,1
DA:267,1
DA:268,1
DA:269,1
DA:270,1
DA:275,1
DA:276,1
DA:279,1
DA:280,1
DA:286,1
DA:288,1
DA:290,1
DA:291,1
DA:294,1
DA:295,1
DA:298,1
DA:299,1
DA:300,1
DA:305,1
DA:306,1
DA:309,1
DA:310,1
DA:311,1
DA:312,1
DA:314,1
DA:316,1
DA:318,1
DA:320,1
DA:322,1
DA:324,1
DA:326,1
DA:328,1
DA:329,1
BRF:0
BRH:0
LF:213
LH:210
end_of_record
SF:/home/matthew/develop/personal/gdsr/crates/gdsr/src/config/gds_file_types.rs
FN:192,_RNvNtNtCseALiLYCy7VT_4gdsr6config14gds_file_types28combine_record_and_data_type
FN:72,_RNvXNtNtCseALiLYCy7VT_4gdsr6config14gds_file_typesNtB2_9GDSRecordINtNtCs3XFJfFEDSOQ_4core7convert7TryFromhE8try_from
FN:181,_RNvXs0_NtNtCseALiLYCy7VT_4gdsr6config14gds_file_typesNtB5_13GDSRecordDataNtNtCs3XFJfFEDSOQ_4core3fmt7Display3fmt
FN:157,_RNvXs_NtNtCseALiLYCy7VT_4gdsr6config14gds_file_typesNtB4_11GDSDataTypeINtNtCs3XFJfFEDSOQ_4core7convert7TryFromhE8try_from
FN:266,_RNvNtNtNtCsjdcaWkh8Zqt_4gdsr6config14gds_file_types5testss_28test_gds_record_data_display
FN:201,_RNvNtNtNtCsjdcaWkh8Zqt_4gdsr6config14gds_file_types5testss_30test_gds_record_try_from_valid
FN:224,_RNvNtNtNtCsjdcaWkh8Zqt_4gdsr6config14gds_file_types5testss_32test_gds_record_try_from_invalid
FN:284,_RNvNtNtNtCsjdcaWkh8Zqt_4gdsr6config14gds_file_types5testss_33test_combine_record_and_data_type
FN:231,_RNvNtNtNtCsjdcaWkh8Zqt_4gdsr6config14gds_file_types5testss_33test_gds_data_type_try_from_valid
FN:260,_RNvNtNtNtCsjdcaWkh8Zqt_4gdsr6config14gds_file_types5testss_35test_gds_data_type_try_from_invalid
FN:192,_RNvNtNtCsjdcaWkh8Zqt_4gdsr6config14gds_file_types28combine_record_and_data_type
FN:72,_RNvXNtNtCsjdcaWkh8Zqt_4gdsr6config14gds_file_typesNtB2_9GDSRecordINtNtCs3XFJfFEDSOQ_4core7convert7TryFromhE8try_from
FN:181,_RNvXs0_NtNtCsjdcaWkh8Zqt_4gdsr6config14gds_file_typesNtB5_13GDSRecordDataNtNtCs3XFJfFEDSOQ_4core3fmt7Display3fmt
FN:157,_RNvXs_NtNtCsjdcaWkh8Zqt_4gdsr6config14gds_file_typesNtB4_11GDSDataTypeINtNtCs3XFJfFEDSOQ_4core7convert7TryFromhE8try_from
FNDA:397,_RNvNtNtCseALiLYCy7VT_4gdsr6config14gds_file_types28combine_record_and_data_type
FNDA:397,_RNvXNtNtCseALiLYCy7VT_4gdsr6config14gds_file_typesNtB2_9GDSRecordINtNtCs3XFJfFEDSOQ_4core7convert7TryFromhE8try_from
FNDA:0,_RNvXs0_NtNtCseALiLYCy7VT_4gdsr6config14gds_file_typesNtB5_13GDSRecordDataNtNtCs3XFJfFEDSOQ_4core3fmt7Display3fmt
FNDA:265,_RNvXs_NtNtCseALiLYCy7VT_4gdsr6config14gds_file_typesNtB4_11GDSDataTypeINtNtCs3XFJfFEDSOQ_4core7convert7TryFromhE8try_from
FNDA:1,_RNvNtNtNtCsjdcaWkh8Zqt_4gdsr6config14gds_file_types5testss_28test_gds_record_data_display
FNDA:1,_RNvNtNtNtCsjdcaWkh8Zqt_4gdsr6config14gds_file_types5testss_30test_gds_record_try_from_valid
FNDA:1,_RNvNtNtNtCsjdcaWkh8Zqt_4gdsr6config14gds_file_types5testss_32test_gds_record_try_from_invalid
FNDA:1,_RNvNtNtNtCsjdcaWkh8Zqt_4gdsr6config14gds_file_types5testss_33test_combine_record_and_data_type
FNDA:1,_RNvNtNtNtCsjdcaWkh8Zqt_4gdsr6config14gds_file_types5testss_33test_gds_data_type_try_from_valid
FNDA:1,_RNvNtNtNtCsjdcaWkh8Zqt_4gdsr6config14gds_file_types5testss_35test_gds_data_type_try_from_invalid
FNDA:4,_RNvNtNtCsjdcaWkh8Zqt_4gdsr6config14gds_file_types28combine_record_and_data_type
FNDA:16,_RNvXNtNtCsjdcaWkh8Zqt_4gdsr6config14gds_file_typesNtB2_9GDSRecordINtNtCs3XFJfFEDSOQ_4core7convert7TryFromhE8try_from
FNDA:5,_RNvXs0_NtNtCsjdcaWkh8Zqt_4gdsr6config14gds_file_typesNtB5_13GDSRecordDataNtNtCs3XFJfFEDSOQ_4core3fmt7Display3fmt
FNDA:9,_RNvXs_NtNtCsjdcaWkh8Zqt_4gdsr6config14gds_file_typesNtB4_11GDSDataTypeINtNtCs3XFJfFEDSOQ_4core7convert7TryFromhE8try_from
FNF:10
FNH:10
DA:72,413
DA:73,413
DA:74,12
DA:75,12
DA:76,12
DA:77,12
DA:78,11
DA:79,19
DA:80,19
DA:81,19
DA:82,36
DA:83,7
DA:84,1
DA:85,6
DA:86,5
DA:87,46
DA:88,41
DA:89,6
DA:90,52
DA:91,51
DA:92,5
DA:93,5
DA:94,0
DA:95,0
DA:96,5
DA:97,5
DA:98,0
DA:99,5
DA:100,4
DA:101,3
DA:102,2
DA:103,0
DA:104,0
DA:105,0
DA:106,0
DA:107,7
DA:108,0
DA:109,0
DA:110,0
DA:111,0
DA:112,0
DA:113,0
DA:114,0
DA:115,0
DA:116,0
DA:117,0
DA:118,0
DA:119,0
DA:120,0
DA:121,0
DA:122,0
DA:123,0
DA:124,0
DA:125,0
DA:126,0
DA:127,0
DA:128,0
DA:129,0
DA:130,0
DA:131,0
DA:132,0
DA:133,0
DA:134,1
DA:135,1
DA:136,3
DA:138,413
DA:157,274
DA:158,274
DA:159,1
DA:160,9
DA:161,145
DA:162,58
DA:163,1
DA:164,17
DA:165,41
DA:166,2
DA:168,274
DA:181,5
DA:182,5
DA:183,1
DA:184,1
DA:185,1
DA:186,1
DA:187,1
DA:189,5
DA:192,401
DA:193,401
DA:194,401
DA:201,1
DA:202,1
DA:203,1
DA:204,1
DA:205,1
DA:206,1
DA:207,1
DA:208,1
DA:209,1
DA:210,1
DA:211,1
DA:212,1
DA:213,1
DA:214,1
DA:217,1
DA:218,1
DA:221,1
DA:224,1
DA:225,1
DA:226,1
DA:227,1
DA:228,1
DA:231,1
DA:232,1
DA:233,1
DA:234,1
DA:237,1
DA:238,1
DA:241,1
DA:242,1
DA:245,1
DA:246,1
DA:249,1
DA:250,1
DA:253,1
DA:254,1
DA:257,1
DA:260,1
DA:261,1
DA:262,1
DA:263,1
DA:266,1
DA:267,1
DA:268,1
DA:270,1
DA:271,1
DA:273,1
DA:274,1
DA:276,1
DA:277,1
DA:279,1
DA:280,1
DA:281,1
DA:284,1
DA:285,1
DA:286,1
DA:288,1
DA:289,1
DA:290,1
DA:292,1
DA:293,1
DA:295,1
DA:296,1
DA:297,1
DA:298,1
BRF:0
BRH:0
LF:153
LH:116
end_of_record
SF:/home/matthew/develop/personal/gdsr/crates/gdsr/src/elements/element.rs
FN:22,_RNvMNtNtCseALiLYCy7VT_4gdsr8elements7elementNtB2_7Element10as_polygon
FN:38,_RNvMNtNtCseALiLYCy7VT_4gdsr8elements7elementNtB2_7Element12as_reference
FN:14,_RNvMNtNtCseALiLYCy7VT_4gdsr8elements7elementNtB2_7Element7as_path
FN:30,_RNvMNtNtCseALiLYCy7VT_4gdsr8elements7elementNtB2_7Element7as_text
FN:60,_RNvXs0_NtNtCseALiLYCy7VT_4gdsr8elements7elementNtB5_7ElementINtNtCs3XFJfFEDSOQ_4core7convert4FromNtNtB7_4path4PathE4from
FN:66,_RNvXs1_NtNtCseALiLYCy7VT_4gdsr8elements7elementNtB5_7ElementINtNtCs3XFJfFEDSOQ_4core7convert4FromNtNtB7_7polygon7PolygonE4from
FN:72,_RNvXs2_NtNtCseALiLYCy7VT_4gdsr8elements7elementNtB5_7ElementINtNtCs3XFJfFEDSOQ_4core7convert4FromNtNtB7_4text4TextE4from
FN:78,_RNvXs3_NtNtCseALiLYCy7VT_4gdsr8elements7elementNtB5_7ElementINtNtCs3XFJfFEDSOQ_4core7convert4FromNtNtB7_9reference9ReferenceE4from
FN:84,_RNvXs4_NtNtCseALiLYCy7VT_4gdsr8elements7elementNtB5_7ElementNtNtB9_6traits5ToGds11to_gds_impl
FN:95,_RNvXs5_NtNtCseALiLYCy7VT_4gdsr8elements7elementNtB5_7ElementNtNtB9_6traits13Transformable14transform_impl
FN:106,_RNvXs6_NtNtCseALiLYCy7VT_4gdsr8elements7elementNtB5_7ElementNtNtB9_6traits7Movable7move_to
FN:48,_RNvXs_NtNtCseALiLYCy7VT_4gdsr8elements7elementNtB4_7ElementNtNtCs3XFJfFEDSOQ_4core3fmt7Display3fmt
FN:84,_RNvXs4_NtNtCsjdcaWkh8Zqt_4gdsr8elements7elementNtB5_7ElementNtNtB9_6traits5ToGds11to_gds_impl
FN:106,_RNvXs6_NtNtCsjdcaWkh8Zqt_4gdsr8elements7elementNtB5_7ElementNtNtB9_6traits7Movable7move_to
FN:22,_RNvMNtNtCsjdcaWkh8Zqt_4gdsr8elements7elementNtB2_7Element10as_polygon
FN:38,_RNvMNtNtCsjdcaWkh8Zqt_4gdsr8elements7elementNtB2_7Element12as_reference
FN:14,_RNvMNtNtCsjdcaWkh8Zqt_4gdsr8elements7elementNtB2_7Element7as_path
FN:30,_RNvMNtNtCsjdcaWkh8Zqt_4gdsr8elements7elementNtB2_7Element7as_text
FN:60,_RNvXs0_NtNtCsjdcaWkh8Zqt_4gdsr8elements7elementNtB5_7ElementINtNtCs3XFJfFEDSOQ_4core7convert4FromNtNtB7_4path4PathE4from
FN:66,_RNvXs1_NtNtCsjdcaWkh8Zqt_4gdsr8elements7elementNtB5_7ElementINtNtCs3XFJfFEDSOQ_4core7convert4FromNtNtB7_7polygon7PolygonE4from
FN:72,_RNvXs2_NtNtCsjdcaWkh8Zqt_4gdsr8elements7elementNtB5_7ElementINtNtCs3XFJfFEDSOQ_4core7convert4FromNtNtB7_4text4TextE4from
FN:78,_RNvXs3_NtNtCsjdcaWkh8Zqt_4gdsr8elements7elementNtB5_7ElementINtNtCs3XFJfFEDSOQ_4core7convert4FromNtNtB7_9reference9ReferenceE4from
FN:95,_RNvXs5_NtNtCsjdcaWkh8Zqt_4gdsr8elements7elementNtB5_7ElementNtNtB9_6traits13Transformable14transform_impl
FN:48,_RNvXs_NtNtCsjdcaWkh8Zqt_4gdsr8elements7elementNtB4_7ElementNtNtCs3XFJfFEDSOQ_4core3fmt7Display3fmt
FN:122,_RNvNtNtNtCsjdcaWkh8Zqt_4gdsr8elements7element5testss_22test_element_from_path
FN:166,_RNvNtNtNtCsjdcaWkh8Zqt_4gdsr8elements7element5testss_22test_element_from_text
FN:144,_RNvNtNtNtCsjdcaWkh8Zqt_4gdsr8elements7element5testss_25test_element_from_polygon
FN:187,_RNvNtNtNtCsjdcaWkh8Zqt_4gdsr8elements7element5testss_27test_element_from_reference
FNDA:0,_RNvMNtNtCseALiLYCy7VT_4gdsr8elements7elementNtB2_7Element10as_polygon
FNDA:0,_RNvMNtNtCseALiLYCy7VT_4gdsr8elements7elementNtB2_7Element12as_reference
FNDA:0,_RNvMNtNtCseALiLYCy7VT_4gdsr8elements7elementNtB2_7Element7as_path
FNDA:0,_RNvMNtNtCseALiLYCy7VT_4gdsr8elements7elementNtB2_7Element7as_text
FNDA:12,_RNvXs0_NtNtCseALiLYCy7VT_4gdsr8elements7elementNtB5_7ElementINtNtCs3XFJfFEDSOQ_4core7convert4FromNtNtB7_4path4PathE4from
FNDA:48,_RNvXs1_NtNtCseALiLYCy7VT_4gdsr8elements7elementNtB5_7ElementINtNtCs3XFJfFEDSOQ_4core7convert4FromNtNtB7_7polygon7PolygonE4from
FNDA:10,_RNvXs2_NtNtCseALiLYCy7VT_4gdsr8elements7elementNtB5_7ElementINtNtCs3XFJfFEDSOQ_4core7convert4FromNtNtB7_4text4TextE4from
FNDA:10,_RNvXs3_NtNtCseALiLYCy7VT_4gdsr8elements7elementNtB5_7ElementINtNtCs3XFJfFEDSOQ_4core7convert4FromNtNtB7_9reference9ReferenceE4from
FNDA:0,_RNvXs4_NtNtCseALiLYCy7VT_4gdsr8elements7elementNtB5_7ElementNtNtB9_6traits5ToGds11to_gds_impl
FNDA:84,_RNvXs5_NtNtCseALiLYCy7VT_4gdsr8elements7elementNtB5_7ElementNtNtB9_6traits13Transformable14transform_impl
FNDA:0,_RNvXs6_NtNtCseALiLYCy7VT_4gdsr8elements7elementNtB5_7ElementNtNtB9_6traits7Movable7move_to
FNDA:0,_RNvXs_NtNtCseALiLYCy7VT_4gdsr8elements7elementNtB4_7ElementNtNtCs3XFJfFEDSOQ_4core3fmt7Display3fmt
FNDA:0,_RNvXs4_NtNtCsjdcaWkh8Zqt_4gdsr8elements7elementNtB5_7ElementNtNtB9_6traits5ToGds11to_gds_impl
FNDA:0,_RNvXs6_NtNtCsjdcaWkh8Zqt_4gdsr8elements7elementNtB5_7ElementNtNtB9_6traits7Movable7move_to
FNDA:2,_RNvMNtNtCsjdcaWkh8Zqt_4gdsr8elements7elementNtB2_7Element10as_polygon
FNDA:2,_RNvMNtNtCsjdcaWkh8Zqt_4gdsr8elements7elementNtB2_7Element12as_reference
FNDA:2,_RNvMNtNtCsjdcaWkh8Zqt_4gdsr8elements7elementNtB2_7Element7as_path
FNDA:2,_RNvMNtNtCsjdcaWkh8Zqt_4gdsr8elements7elementNtB2_7Element7as_text
FNDA:3,_RNvXs0_NtNtCsjdcaWkh8Zqt_4gdsr8elements7elementNtB5_7ElementINtNtCs3XFJfFEDSOQ_4core7convert4FromNtNtB7_4path4PathE4from
FNDA:4,_RNvXs1_NtNtCsjdcaWkh8Zqt_4gdsr8elements7elementNtB5_7ElementINtNtCs3XFJfFEDSOQ_4core7convert4FromNtNtB7_7polygon7PolygonE4from
FNDA:3,_RNvXs2_NtNtCsjdcaWkh8Zqt_4gdsr8elements7elementNtB5_7ElementINtNtCs3XFJfFEDSOQ_4core7convert4FromNtNtB7_4text4TextE4from
FNDA:2,_RNvXs3_NtNtCsjdcaWkh8Zqt_4gdsr8elements7elementNtB5_7ElementINtNtCs3XFJfFEDSOQ_4core7convert4FromNtNtB7_9reference9ReferenceE4from
FNDA:48,_RNvXs5_NtNtCsjdcaWkh8Zqt_4gdsr8elements7elementNtB5_7ElementNtNtB9_6traits13Transformable14transform_impl
FNDA:5,_RNvXs_NtNtCsjdcaWkh8Zqt_4gdsr8elements7elementNtB4_7ElementNtNtCs3XFJfFEDSOQ_4core3fmt7Display3fmt
FNDA:1,_RNvNtNtNtCsjdcaWkh8Zqt_4gdsr8elements7element5testss_22test_element_from_path
FNDA:1,_RNvNtNtNtCsjdcaWkh8Zqt_4gdsr8elements7element5testss_22test_element_from_text
FNDA:1,_RNvNtNtNtCsjdcaWkh8Zqt_4gdsr8elements7element5testss_25test_element_from_polygon
FNDA:1,_RNvNtNtNtCsjdcaWkh8Zqt_4gdsr8elements7element5testss_27test_element_from_reference
FNF:16
FNH:14
DA:14,2
DA:15,2
DA:16,1
DA:18,1
DA:20,2
DA:22,2
DA:23,2
DA:24,1
DA:26,1
DA:28,2
DA:30,2
DA:31,2
DA:32,1
DA:34,1
DA:36,2
DA:38,2
DA:39,2
DA:40,1
DA:42,1
DA:44,2
DA:48,5
DA:49,5
DA:50,1
DA:51,2
DA:52,1
DA:53,1
DA:55,5
DA:60,15
DA:61,15
DA:62,15
DA:66,52
DA:67,52
DA:68,52
DA:72,13
DA:73,13
DA:74,13
DA:78,12
DA:79,12
DA:80,12
DA:84,0
DA:85,0
DA:86,0
DA:87,0
DA:88,0
DA:89,0
DA:91,0
DA:95,132
DA:96,132
DA:97,0
DA:98,132
DA:99,0
DA:100,0
DA:102,132
DA:106,0
DA:107,0
DA:108,0
DA:109,0
DA:110,0
DA:111,0
DA:113,0
DA:122,1
DA:123,1
DA:124,1
DA:127,1
DA:128,1
DA:130,1
DA:132,1
DA:133,1
DA:134,1
DA:136,1
DA:138,1
DA:140,1
DA:141,1
DA:144,1
DA:145,1
DA:146,1
DA:147,1
DA:148,1
DA:149,1
DA:150,1
DA:154,1
DA:156,1
DA:158,1
DA:160,1
DA:162,1
DA:163,1
DA:166,1
DA:167,1
DA:168,1
DA:169,1
DA:174,1
DA:175,1
DA:177,1
DA:179,1
DA:181,1
DA:183,1
DA:184,1
DA:187,1
DA:188,1
DA:189,1
DA:190,1
DA:191,1
DA:192,1
DA:193,1
DA:198,1
DA:199,1
DA:202,1
DA:203,1
DA:209,1
DA:211,1
DA:213,1
DA:215,1
DA:217,1
DA:218,1
BRF:0
BRH:0
LF:114
LH:97
end_of_record
SF:/home/matthew/develop/personal/gdsr/crates/gdsr/src/elements/path/io.rs
FN:10,_RNvXNtNtNtCseALiLYCy7VT_4gdsr8elements4path2ioNtB4_4PathNtNtB8_6traits5ToGds11to_gds_impl
FN:10,_RNvXNtNtNtCsjdcaWkh8Zqt_4gdsr8elements4path2ioNtB4_4PathNtNtB8_6traits5ToGds11to_gds_impl
FNDA:6,_RNvXNtNtNtCseALiLYCy7VT_4gdsr8elements4path2ioNtB4_4PathNtNtB8_6traits5ToGds11to_gds_impl
FNDA:0,_RNvXNtNtNtCsjdcaWkh8Zqt_4gdsr8elements4path2ioNtB4_4PathNtNtB8_6traits5ToGds11to_gds_impl
FNF:1
FNH:1
DA:10,6
DA:11,6
DA:12,0
DA:13,0
DA:14,0
DA:15,0
DA:16,6
DA:18,6
DA:19,6
DA:20,6
DA:21,6
DA:22,6
DA:23,6
DA:24,6
DA:25,6
DA:26,6
DA:27,6
DA:29,6
DA:31,6
DA:32,6
DA:34,6
DA:35,6
DA:36,6
DA:37,6
DA:38,6
DA:39,6
DA:40,6
DA:41,6
DA:43,6
DA:44,0
DA:46,6
DA:47,6
DA:48,6
DA:50,6
DA:51,6
DA:52,6
DA:53,6
DA:55,6
DA:57,6
DA:59,6
DA:60,0
DA:62,6
DA:64,6
DA:65,6
BRF:0
BRH:0
LF:44
LH:38
end_of_record
SF:/home/matthew/develop/personal/gdsr/crates/gdsr/src/elements/path/mod.rs
FN:38,_RNvMNtNtCseALiLYCy7VT_4gdsr8elements4pathNtB2_4Path5layer
FN:50,_RNvMNtNtCseALiLYCy7VT_4gdsr8elements4pathNtB2_4Path5width
FN:34,_RNvMNtNtCseALiLYCy7VT_4gdsr8elements4pathNtB2_4Path6points
FN:42,_RNvMNtNtCseALiLYCy7VT_4gdsr8elements4pathNtB2_4Path9data_type
FN:46,_RNvMNtNtCseALiLYCy7VT_4gdsr8elements4pathNtB2_4Path9path_type
FN:70,_RNvXs0_NtNtCseALiLYCy7VT_4gdsr8elements4pathNtB5_4PathNtNtB9_6traits13Transformable14transform_impl
FN:82,_RNvXs1_NtNtCseALiLYCy7VT_4gdsr8elements4pathNtB5_4PathNtNtB9_6traits7Movable7move_to
FN:56,_RNvXs_NtNtCseALiLYCy7VT_4gdsr8elements4pathNtB4_4PathNtNtCs3XFJfFEDSOQ_4core3fmt7Display3fmt
FN:74,_RNCNvXs0_NtNtCseALiLYCy7VT_4gdsr8elements4pathNtB7_4PathNtNtBb_6traits13Transformable14transform_impl0Bb_
FN:18,_RINvMNtNtCsjdcaWkh8Zqt_4gdsr8elements4pathNtB3_4Path3newANtNtB7_5point5Pointj2_EB7_
FN:18,_RINvMNtNtCsjdcaWkh8Zqt_4gdsr8elements4pathNtB3_4Path3newINtNtCsgag4BwXrjBQ_5alloc3vec3VecNtNtB7_5point5PointEEB7_
FN:74,_RNCNvXs0_NtNtCsjdcaWkh8Zqt_4gdsr8elements4pathNtB7_4PathNtNtBb_6traits13Transformable14transform_impl0Bb_
FN:38,_RNvMNtNtCsjdcaWkh8Zqt_4gdsr8elements4pathNtB2_4Path5layer
FN:50,_RNvMNtNtCsjdcaWkh8Zqt_4gdsr8elements4pathNtB2_4Path5width
FN:34,_RNvMNtNtCsjdcaWkh8Zqt_4gdsr8elements4pathNtB2_4Path6points
FN:42,_RNvMNtNtCsjdcaWkh8Zqt_4gdsr8elements4pathNtB2_4Path9data_type
FN:46,_RNvMNtNtCsjdcaWkh8Zqt_4gdsr8elements4pathNtB2_4Path9path_type
FN:70,_RNvXs0_NtNtCsjdcaWkh8Zqt_4gdsr8elements4pathNtB5_4PathNtNtB9_6traits13Transformable14transform_impl
FN:82,_RNvXs1_NtNtCsjdcaWkh8Zqt_4gdsr8elements4pathNtB5_4PathNtNtB9_6traits7Movable7move_to
FN:56,_RNvXs_NtNtCsjdcaWkh8Zqt_4gdsr8elements4pathNtB4_4PathNtNtCs3XFJfFEDSOQ_4core3fmt7Display3fmt
FN:112,_RNvNtNtNtCsjdcaWkh8Zqt_4gdsr8elements4path5testss_17test_path_default
FN:123,_RNvNtNtNtCsjdcaWkh8Zqt_4gdsr8elements4path5testss_17test_path_display
FN:94,_RNvNtNtNtCsjdcaWkh8Zqt_4gdsr8elements4path5testss_18test_path_creation
FN:137,_RNvNtNtNtCsjdcaWkh8Zqt_4gdsr8elements4path5testss_30test_path_clone_and_partial_eq
FN:161,_RNvNtNtNtCsjdcaWkh8Zqt_4gdsr8elements4path5testss_36test_path_with_different_unit_points
FN:18,_RINvMNtNtCseALiLYCy7VT_4gdsr8elements4pathNtB3_4Path3newINtNtCsgag4BwXrjBQ_5alloc3vec3VecNtNtB7_5point5PointEECsfi9sC8nGtV7_10read_write
FNDA:6,_RNvMNtNtCseALiLYCy7VT_4gdsr8elements4pathNtB2_4Path5layer
FNDA:6,_RNvMNtNtCseALiLYCy7VT_4gdsr8elements4pathNtB2_4Path5width
FNDA:12,_RNvMNtNtCseALiLYCy7VT_4gdsr8elements4pathNtB2_4Path6points
FNDA:6,_RNvMNtNtCseALiLYCy7VT_4gdsr8elements4pathNtB2_4Path9data_type
FNDA:6,_RNvMNtNtCseALiLYCy7VT_4gdsr8elements4pathNtB2_4Path9path_type
FNDA:0,_RNvXs0_NtNtCseALiLYCy7VT_4gdsr8elements4pathNtB5_4PathNtNtB9_6traits13Transformable14transform_impl
FNDA:0,_RNvXs1_NtNtCseALiLYCy7VT_4gdsr8elements4pathNtB5_4PathNtNtB9_6traits7Movable7move_to
FNDA:0,_RNvXs_NtNtCseALiLYCy7VT_4gdsr8elements4pathNtB4_4PathNtNtCs3XFJfFEDSOQ_4core3fmt7Display3fmt
FNDA:0,_RNCNvXs0_NtNtCseALiLYCy7VT_4gdsr8elements4pathNtB7_4PathNtNtBb_6traits13Transformable14transform_impl0Bb_
FNDA:1,_RINvMNtNtCsjdcaWkh8Zqt_4gdsr8elements4pathNtB3_4Path3newANtNtB7_5point5Pointj2_EB7_
FNDA:7,_RINvMNtNtCsjdcaWkh8Zqt_4gdsr8elements4pathNtB3_4Path3newINtNtCsgag4BwXrjBQ_5alloc3vec3VecNtNtB7_5point5PointEEB7_
FNDA:4,_RNCNvXs0_NtNtCsjdcaWkh8Zqt_4gdsr8elements4pathNtB7_4PathNtNtBb_6traits13Transformable14transform_impl0Bb_
FNDA:4,_RNvMNtNtCsjdcaWkh8Zqt_4gdsr8elements4pathNtB2_4Path5layer
FNDA:4,_RNvMNtNtCsjdcaWkh8Zqt_4gdsr8elements4pathNtB2_4Path5width
FNDA:8,_RNvMNtNtCsjdcaWkh8Zqt_4gdsr8elements4pathNtB2_4Path6points
FNDA:4,_RNvMNtNtCsjdcaWkh8Zqt_4gdsr8elements4pathNtB2_4Path9data_type
FNDA:4,_RNvMNtNtCsjdcaWkh8Zqt_4gdsr8elements4pathNtB2_4Path9path_type
FNDA:2,_RNvXs0_NtNtCsjdcaWkh8Zqt_4gdsr8elements4pathNtB5_4PathNtNtB9_6traits13Transformable14transform_impl
FNDA:1,_RNvXs1_NtNtCsjdcaWkh8Zqt_4gdsr8elements4pathNtB5_4PathNtNtB9_6traits7Movable7move_to
FNDA:2,_RNvXs_NtNtCsjdcaWkh8Zqt_4gdsr8elements4pathNtB4_4PathNtNtCs3XFJfFEDSOQ_4core3fmt7Display3fmt
FNDA:1,_RNvNtNtNtCsjdcaWkh8Zqt_4gdsr8elements4path5testss_17test_path_default
FNDA:1,_RNvNtNtNtCsjdcaWkh8Zqt_4gdsr8elements4path5testss_17test_path_display
FNDA:1,_RNvNtNtNtCsjdcaWkh8Zqt_4gdsr8elements4path5testss_18test_path_creation
FNDA:1,_RNvNtNtNtCsjdcaWkh8Zqt_4gdsr8elements4path5testss_30test_path_clone_and_partial_eq
FNDA:1,_RNvNtNtNtCsjdcaWkh8Zqt_4gdsr8elements4path5testss_36test_path_with_different_unit_points
FNDA:6,_RINvMNtNtCseALiLYCy7VT_4gdsr8elements4pathNtB3_4Path3newINtNtCsgag4BwXrjBQ_5alloc3vec3VecNtNtB7_5point5PointEECsfi9sC8nGtV7_10read_write
FNF:15
FNH:15
DA:18,14
DA:19,14
DA:20,14
DA:21,14
DA:22,14
DA:23,14
DA:24,14
DA:25,14
DA:26,14
DA:27,14
DA:28,14
DA:29,14
DA:30,14
DA:31,14
DA:32,14
DA:34,20
DA:35,20
DA:36,20
DA:38,10
DA:39,10
DA:40,10
DA:42,10
DA:43,10
DA:44,10
DA:46,10
DA:47,10
DA:48,10
DA:50,10
DA:51,10
DA:52,10
DA:56,2
DA:57,2
DA:58,2
DA:59,2
DA:60,2
DA:61,2
DA:62,2
DA:63,2
DA:64,2
DA:66,2
DA:70,2
DA:71,2
DA:72,2
DA:73,2
DA:74,4
DA:75,2
DA:77,2
DA:78,2
DA:82,1
DA:83,1
DA:84,1
DA:85,1
DA:86,1
DA:94,1
DA:95,1
DA:96,1
DA:97,1
DA:100,1
DA:101,1
DA:104,1
DA:105,1
DA:106,1
DA:107,1
DA:108,1
DA:109,1
DA:112,1
DA:113,1
DA:115,1
DA:116,1
DA:117,1
DA:118,1
DA:119,1
DA:120,1
DA:123,1
DA:124,1
DA:125,1
DA:126,1
DA:129,1
DA:130,1
DA:133,1
DA:134,1
DA:137,1
DA:138,1
DA:139,1
DA:140,1
DA:143,1
DA:144,1
DA:146,1
DA:148,1
DA:150,1
DA:151,1
DA:154,1
DA:155,1
DA:157,1
DA:158,1
DA:161,1
DA:162,1
DA:163,1
DA:164,1
DA:165,1
BRF:0
BRH:0
LF:101
LH:101
end_of_record
SF:/home/matthew/develop/personal/gdsr/crates/gdsr/src/elements/path/path_type/mod.rs
FN:10,_RNvMNtNtNtCseALiLYCy7VT_4gdsr8elements4path9path_typeNtB2_8PathType3new
FN:18,_RNvMNtNtNtCseALiLYCy7VT_4gdsr8elements4path9path_typeNtB2_8PathType5value
FN:22,_RNvMNtNtNtCseALiLYCy7VT_4gdsr8elements4path9path_typeNtB2_8PathType6values
FN:10,_RNvMNtNtNtCsjdcaWkh8Zqt_4gdsr8elements4path9path_typeNtB2_8PathType3new
FN:18,_RNvMNtNtNtCsjdcaWkh8Zqt_4gdsr8elements4path9path_typeNtB2_8PathType5value
FN:22,_RNvMNtNtNtCsjdcaWkh8Zqt_4gdsr8elements4path9path_typeNtB2_8PathType6values
FN:32,_RNvNtNtNtNtCsjdcaWkh8Zqt_4gdsr8elements4path9path_type5testss_18test_path_type_new
FN:62,_RNvNtNtNtNtCsjdcaWkh8Zqt_4gdsr8elements4path9path_type5testss_20test_path_type_debug
FN:41,_RNvNtNtNtNtCsjdcaWkh8Zqt_4gdsr8elements4path9path_type5testss_20test_path_type_value
FN:48,_RNvNtNtNtNtCsjdcaWkh8Zqt_4gdsr8elements4path9path_type5testss_21test_path_type_values
FN:57,_RNvNtNtNtNtCsjdcaWkh8Zqt_4gdsr8elements4path9path_type5testss_22test_path_type_default
FN:79,_RNvNtNtNtNtCsjdcaWkh8Zqt_4gdsr8elements4path9path_type5testss_25test_path_type_partial_eq
FN:69,_RNvNtNtNtNtCsjdcaWkh8Zqt_4gdsr8elements4path9path_type5testss_29test_path_type_clone_and_copy
FNDA:6,_RNvMNtNtNtCseALiLYCy7VT_4gdsr8elements4path9path_typeNtB2_8PathType3new
FNDA:6,_RNvMNtNtNtCseALiLYCy7VT_4gdsr8elements4path9path_typeNtB2_8PathType5value
FNDA:0,_RNvMNtNtNtCseALiLYCy7VT_4gdsr8elements4path9path_typeNtB2_8PathType6values
FNDA:5,_RNvMNtNtNtCsjdcaWkh8Zqt_4gdsr8elements4path9path_typeNtB2_8PathType3new
FNDA:3,_RNvMNtNtNtCsjdcaWkh8Zqt_4gdsr8elements4path9path_typeNtB2_8PathType5value
FNDA:1,_RNvMNtNtNtCsjdcaWkh8Zqt_4gdsr8elements4path9path_typeNtB2_8PathType6values
FNDA:1,_RNvNtNtNtNtCsjdcaWkh8Zqt_4gdsr8elements4path9path_type5testss_18test_path_type_new
FNDA:1,_RNvNtNtNtNtCsjdcaWkh8Zqt_4gdsr8elements4path9path_type5testss_20test_path_type_debug
FNDA:1,_RNvNtNtNtNtCsjdcaWkh8Zqt_4gdsr8elements4path9path_type5testss_20test_path_type_value
FNDA:1,_RNvNtNtNtNtCsjdcaWkh8Zqt_4gdsr8elements4path9path_type5testss_21test_path_type_values
FNDA:1,_RNvNtNtNtNtCsjdcaWkh8Zqt_4gdsr8elements4path9path_type5testss_22test_path_type_default
FNDA:1,_RNvNtNtNtNtCsjdcaWkh8Zqt_4gdsr8elements4path9path_type5testss_25test_path_type_partial_eq
FNDA:1,_RNvNtNtNtNtCsjdcaWkh8Zqt_4gdsr8elements4path9path_type5testss_29test_path_type_clone_and_copy
FNF:10
FNH:10
DA:10,11
DA:11,11
DA:12,4
DA:13,2
DA:14,5
DA:16,11
DA:18,9
DA:19,9
DA:20,9
DA:22,1
DA:23,1
DA:24,1
DA:32,1
DA:33,1
DA:34,1
DA:35,1
DA:36,1
DA:37,1
DA:38,1
DA:41,1
DA:42,1
DA:43,1
DA:44,1
DA:45,1
DA:48,1
DA:49,1
DA:50,1
DA:51,1
DA:52,1
DA:53,1
DA:54,1
DA:57,1
DA:58,1
DA:59,1
DA:62,1
DA:63,1
DA:64,1
DA:65,1
DA:66,1
DA:69,1
DA:70,1
DA:71,1
DA:72,1
DA:74,1
DA:75,1
DA:76,1
DA:79,1
DA:80,1
DA:81,1
DA:82,1
DA:83,1
BRF:0
BRH:0
LF:51
LH:51
end_of_record
SF:/home/matthew/develop/personal/gdsr/crates/gdsr/src/elements/polygon/io.rs
FN:10,_RNvXNtNtNtCseALiLYCy7VT_4gdsr8elements7polygon2ioNtB4_7PolygonNtNtB8_6traits5ToGds11to_gds_impl
FN:10,_RNvXNtNtNtCsjdcaWkh8Zqt_4gdsr8elements7polygon2ioNtB4_7PolygonNtNtB8_6traits5ToGds11to_gds_impl
FNDA:35,_RNvXNtNtNtCseALiLYCy7VT_4gdsr8elements7polygon2ioNtB4_7PolygonNtNtB8_6traits5ToGds11to_gds_impl
FNDA:0,_RNvXNtNtNtCsjdcaWkh8Zqt_4gdsr8elements7polygon2ioNtB4_7PolygonNtNtB8_6traits5ToGds11to_gds_impl
FNF:1
FNH:1
DA:10,35
DA:11,35
DA:12,0
DA:13,35
DA:15,35
DA:16,35
DA:17,35
DA:18,35
DA:19,35
DA:20,35
DA:21,35
DA:22,35
DA:23,35
DA:24,35
DA:26,35
DA:28,35
DA:30,35
DA:31,35
BRF:0
BRH:0
LF:18
LH:17
end_of_record
SF:/home/matthew/develop/personal/gdsr/crates/gdsr/src/elements/polygon/mod.rs
FN:14,_RINvMNtNtCseALiLYCy7VT_4gdsr8elements7polygonNtB3_7Polygon3newANtNtB7_5point5Pointj4_ECscAl2Su1aNRC_4gdsr
FN:43,_RNvMNtNtCseALiLYCy7VT_4gdsr8elements7polygonNtB2_7Polygon15is_point_inside
FN:48,_RNvMNtNtCseALiLYCy7VT_4gdsr8elements7polygonNtB2_7Polygon16is_point_on_edge
FN:34,_RNvMNtNtCseALiLYCy7VT_4gdsr8elements7polygonNtB2_7Polygon4area
FN:26,_RNvMNtNtCseALiLYCy7VT_4gdsr8elements7polygonNtB2_7Polygon5layer
FN:22,_RNvMNtNtCseALiLYCy7VT_4gdsr8elements7polygonNtB2_7Polygon6points
FN:30,_RNvMNtNtCseALiLYCy7VT_4gdsr8elements7polygonNtB2_7Polygon9data_type
FN:38,_RNvMNtNtCseALiLYCy7VT_4gdsr8elements7polygonNtB2_7Polygon9perimeter
FN:77,_RNvXs0_NtNtCseALiLYCy7VT_4gdsr8elements7polygonNtB5_7PolygonNtNtB9_6traits13Transformable14transform_impl
FN:89,_RNvXs1_NtNtCseALiLYCy7VT_4gdsr8elements7polygonNtB5_7PolygonNtNtB9_6traits7Movable7move_to
FN:100,_RNvXs2_NtNtCseALiLYCy7VT_4gdsr8elements7polygonNtB5_7PolygonNtNtB9_6traits10Dimensions12bounding_box
FN:54,_RNvXs_NtNtCseALiLYCy7VT_4gdsr8elements7polygonNtB4_7PolygonNtNtCs3XFJfFEDSOQ_4core3fmt7Display3fmt
FN:81,_RNCNvXs0_NtNtCseALiLYCy7VT_4gdsr8elements7polygonNtB7_7PolygonNtNtBb_6traits13Transformable14transform_impl0Bb_
FN:93,_RNCNvXs1_NtNtCseALiLYCy7VT_4gdsr8elements7polygonNtB7_7PolygonNtNtBb_6traits7Movable7move_to0Bb_
FN:14,_RINvMNtNtCsjdcaWkh8Zqt_4gdsr8elements7polygonNtB3_7Polygon3newANtNtB7_5point5Pointj3_EB7_
FN:14,_RINvMNtNtCsjdcaWkh8Zqt_4gdsr8elements7polygonNtB3_7Polygon3newINtNtCsgag4BwXrjBQ_5alloc3vec3VecNtNtB7_5point5PointEEB7_
FN:81,_RNCNvXs0_NtNtCsjdcaWkh8Zqt_4gdsr8elements7polygonNtB7_7PolygonNtNtBb_6traits13Transformable14transform_impl0Bb_
FN:93,_RNCNvXs1_NtNtCsjdcaWkh8Zqt_4gdsr8elements7polygonNtB7_7PolygonNtNtBb_6traits7Movable7move_to0Bb_
FN:43,_RNvMNtNtCsjdcaWkh8Zqt_4gdsr8elements7polygonNtB2_7Polygon15is_point_inside
FN:48,_RNvMNtNtCsjdcaWkh8Zqt_4gdsr8elements7polygonNtB2_7Polygon16is_point_on_edge
FN:34,_RNvMNtNtCsjdcaWkh8Zqt_4gdsr8elements7polygonNtB2_7Polygon4area
FN:26,_RNvMNtNtCsjdcaWkh8Zqt_4gdsr8elements7polygonNtB2_7Polygon5layer
FN:22,_RNvMNtNtCsjdcaWkh8Zqt_4gdsr8elements7polygonNtB2_7Polygon6points
FN:30,_RNvMNtNtCsjdcaWkh8Zqt_4gdsr8elements7polygonNtB2_7Polygon9data_type
FN:38,_RNvMNtNtCsjdcaWkh8Zqt_4gdsr8elements7polygonNtB2_7Polygon9perimeter
FN:77,_RNvXs0_NtNtCsjdcaWkh8Zqt_4gdsr8elements7polygonNtB5_7PolygonNtNtB9_6traits13Transformable14transform_impl
FN:89,_RNvXs1_NtNtCsjdcaWkh8Zqt_4gdsr8elements7polygonNtB5_7PolygonNtNtB9_6traits7Movable7move_to
FN:100,_RNvXs2_NtNtCsjdcaWkh8Zqt_4gdsr8elements7polygonNtB5_7PolygonNtNtB9_6traits10Dimensions12bounding_box
FN:54,_RNvXs_NtNtCsjdcaWkh8Zqt_4gdsr8elements7polygonNtB4_7PolygonNtNtCs3XFJfFEDSOQ_4core3fmt7Display3fmt
FN:151,_RNvNtNtNtCsjdcaWkh8Zqt_4gdsr8elements7polygon5testss_17test_polygon_area
FN:197,_RNvNtNtNtCsjdcaWkh8Zqt_4gdsr8elements7polygon5testss_20test_is_point_inside
FN:125,_RNvNtNtNtCsjdcaWkh8Zqt_4gdsr8elements7polygon5testss_20test_polygon_default
FN:133,_RNvNtNtNtCsjdcaWkh8Zqt_4gdsr8elements7polygon5testss_20test_polygon_display
FN:212,_RNvNtNtNtCsjdcaWkh8Zqt_4gdsr8elements7polygon5testss_21test_is_point_on_edge
FN:110,_RNvNtNtNtCsjdcaWkh8Zqt_4gdsr8elements7polygon5testss_21test_polygon_creation
FN:174,_RNvNtNtNtCsjdcaWkh8Zqt_4gdsr8elements7polygon5testss_22test_polygon_perimeter
FN:230,_RNvNtNtNtCsjdcaWkh8Zqt_4gdsr8elements7polygon5testss_25test_polygon_bounding_box
FN:145,_RNvNtNtNtCsjdcaWkh8Zqt_4gdsr8elements7polygon5testss_26test_polygon_display_empty
FN:14,_RINvMNtNtCseALiLYCy7VT_4gdsr8elements7polygonNtB3_7Polygon3newANtNtB7_5point5Pointj4_ECsfi9sC8nGtV7_10read_write
FNDA:0,_RINvMNtNtCseALiLYCy7VT_4gdsr8elements7polygonNtB3_7Polygon3newANtNtB7_5point5Pointj4_ECscAl2Su1aNRC_4gdsr
FNDA:0,_RNvMNtNtCseALiLYCy7VT_4gdsr8elements7polygonNtB2_7Polygon15is_point_inside
FNDA:0,_RNvMNtNtCseALiLYCy7VT_4gdsr8elements7polygonNtB2_7Polygon16is_point_on_edge
FNDA:0,_RNvMNtNtCseALiLYCy7VT_4gdsr8elements7polygonNtB2_7Polygon4area
FNDA:35,_RNvMNtNtCseALiLYCy7VT_4gdsr8elements7polygonNtB2_7Polygon5layer
FNDA:154,_RNvMNtNtCseALiLYCy7VT_4gdsr8elements7polygonNtB2_7Polygon6points
FNDA:35,_RNvMNtNtCseALiLYCy7VT_4gdsr8elements7polygonNtB2_7Polygon9data_type
FNDA:0,_RNvMNtNtCseALiLYCy7VT_4gdsr8elements7polygonNtB2_7Polygon9perimeter
FNDA:84,_RNvXs0_NtNtCseALiLYCy7VT_4gdsr8elements7polygonNtB5_7PolygonNtNtB9_6traits13Transformable14transform_impl
FNDA:0,_RNvXs1_NtNtCseALiLYCy7VT_4gdsr8elements7polygonNtB5_7PolygonNtNtB9_6traits7Movable7move_to
FNDA:0,_RNvXs2_NtNtCseALiLYCy7VT_4gdsr8elements7polygonNtB5_7PolygonNtNtB9_6traits10Dimensions12bounding_box
FNDA:0,_RNvXs_NtNtCseALiLYCy7VT_4gdsr8elements7polygonNtB4_7PolygonNtNtCs3XFJfFEDSOQ_4core3fmt7Display3fmt
FNDA:420,_RNCNvXs0_NtNtCseALiLYCy7VT_4gdsr8elements7polygonNtB7_7PolygonNtNtBb_6traits13Transformable14transform_impl0Bb_
FNDA:0,_RNCNvXs1_NtNtCseALiLYCy7VT_4gdsr8elements7polygonNtB7_7PolygonNtNtBb_6traits7Movable7move_to0Bb_
FNDA:5,_RINvMNtNtCsjdcaWkh8Zqt_4gdsr8elements7polygonNtB3_7Polygon3newANtNtB7_5point5Pointj3_EB7_
FNDA:16,_RINvMNtNtCsjdcaWkh8Zqt_4gdsr8elements7polygonNtB3_7Polygon3newINtNtCsgag4BwXrjBQ_5alloc3vec3VecNtNtB7_5point5PointEEB7_
FNDA:196,_RNCNvXs0_NtNtCsjdcaWkh8Zqt_4gdsr8elements7polygonNtB7_7PolygonNtNtBb_6traits13Transformable14transform_impl0Bb_
FNDA:4,_RNCNvXs1_NtNtCsjdcaWkh8Zqt_4gdsr8elements7polygonNtB7_7PolygonNtNtBb_6traits7Movable7move_to0Bb_
FNDA:3,_RNvMNtNtCsjdcaWkh8Zqt_4gdsr8elements7polygonNtB2_7Polygon15is_point_inside
FNDA:6,_RNvMNtNtCsjdcaWkh8Zqt_4gdsr8elements7polygonNtB2_7Polygon16is_point_on_edge
FNDA:3,_RNvMNtNtCsjdcaWkh8Zqt_4gdsr8elements7polygonNtB2_7Polygon4area
FNDA:6,_RNvMNtNtCsjdcaWkh8Zqt_4gdsr8elements7polygonNtB2_7Polygon5layer
FNDA:65,_RNvMNtNtCsjdcaWkh8Zqt_4gdsr8elements7polygonNtB2_7Polygon6points
FNDA:6,_RNvMNtNtCsjdcaWkh8Zqt_4gdsr8elements7polygonNtB2_7Polygon9data_type
FNDA:3,_RNvMNtNtCsjdcaWkh8Zqt_4gdsr8elements7polygonNtB2_7Polygon9perimeter
FNDA:49,_RNvXs0_NtNtCsjdcaWkh8Zqt_4gdsr8elements7polygonNtB5_7PolygonNtNtB9_6traits13Transformable14transform_impl
FNDA:1,_RNvXs1_NtNtCsjdcaWkh8Zqt_4gdsr8elements7polygonNtB5_7PolygonNtNtB9_6traits7Movable7move_to
FNDA:2,_RNvXs2_NtNtCsjdcaWkh8Zqt_4gdsr8elements7polygonNtB5_7PolygonNtNtB9_6traits10Dimensions12bounding_box
FNDA:4,_RNvXs_NtNtCsjdcaWkh8Zqt_4gdsr8elements7polygonNtB4_7PolygonNtNtCs3XFJfFEDSOQ_4core3fmt7Display3fmt
FNDA:1,_RNvNtNtNtCsjdcaWkh8Zqt_4gdsr8elements7polygon5testss_17test_polygon_area
FNDA:1,_RNvNtNtNtCsjdcaWkh8Zqt_4gdsr8elements7polygon5testss_20test_is_point_inside
FNDA:1,_RNvNtNtNtCsjdcaWkh8Zqt_4gdsr8elements7polygon5testss_20test_polygon_default
FNDA:1,_RNvNtNtNtCsjdcaWkh8Zqt_4gdsr8elements7polygon5testss_20test_polygon_display
FNDA:1,_RNvNtNtNtCsjdcaWkh8Zqt_4gdsr8elements7polygon5testss_21test_is_point_on_edge
FNDA:1,_RNvNtNtNtCsjdcaWkh8Zqt_4gdsr8elements7polygon5testss_21test_polygon_creation
FNDA:1,_RNvNtNtNtCsjdcaWkh8Zqt_4gdsr8elements7polygon5testss_22test_polygon_perimeter
FNDA:1,_RNvNtNtNtCsjdcaWkh8Zqt_4gdsr8elements7polygon5testss_25test_polygon_bounding_box
FNDA:1,_RNvNtNtNtCsjdcaWkh8Zqt_4gdsr8elements7polygon5testss_26test_polygon_display_empty
FNDA:16,_RINvMNtNtCseALiLYCy7VT_4gdsr8elements7polygonNtB3_7Polygon3newANtNtB7_5point5Pointj4_ECsfi9sC8nGtV7_10read_write
FNF:23
FNH:23
DA:14,37
DA:15,37
DA:16,37
DA:17,37
DA:18,37
DA:19,37
DA:20,37
DA:22,219
DA:23,219
DA:24,219
DA:26,41
DA:27,41
DA:28,41
DA:30,41
DA:31,41
DA:32,41
DA:34,3
DA:35,3
DA:36,3
DA:38,3
DA:39,3
DA:40,3
DA:43,3
DA:44,3
DA:45,3
DA:48,6
DA:49,6
DA:50,6
DA:54,4
DA:55,4
DA:56,1
DA:57,1
DA:58,1
DA:59,1
DA:60,1
DA:63,3
DA:64,3
DA:65,3
DA:66,3
DA:67,3
DA:68,3
DA:69,3
DA:70,3
DA:73,4
DA:77,133
DA:78,133
DA:79,133
DA:80,133
DA:81,616
DA:82,133
DA:84,133
DA:85,133
DA:89,1
DA:90,1
DA:91,1
DA:92,1
DA:93,4
DA:94,1
DA:95,1
DA:96,1
DA:100,2
DA:101,2
DA:102,2
DA:110,1
DA:111,1
DA:112,1
DA:113,1
DA:114,1
DA:116,1
DA:118,1
DA:119,1
DA:121,1
DA:122,1
DA:125,1
DA:126,1
DA:127,1
DA:128,1
DA:129,1
DA:130,1
DA:133,1
DA:134,1
DA:135,1
DA:136,1
DA:137,1
DA:139,1
DA:141,1
DA:142,1
DA:145,1
DA:146,1
DA:147,1
DA:148,1
DA:151,1
DA:152,1
DA:153,1
DA:154,1
DA:155,1
DA:156,1
DA:158,1
DA:159,1
DA:161,1
DA:162,1
DA:163,1
DA:164,1
DA:166,1
DA:167,1
DA:169,1
DA:170,1
DA:171,1
DA:174,1
DA:175,1
DA:176,1
DA:177,1
DA:178,1
DA:179,1
DA:181,1
DA:182,1
DA:184,1
DA:185,1
DA:186,1
DA:187,1
DA:189,1
DA:190,1
DA:192,1
DA:193,1
DA:194,1
DA:197,1
DA:198,1
DA:199,1
DA:200,1
DA:201,1
DA:202,1
DA:204,1
DA:206,1
DA:207,1
DA:208,1
DA:209,1
DA:212,1
DA:213,1
DA:214,1
DA:215,1
DA:216,1
DA:217,1
DA:219,1
DA:221,1
DA:222,1
DA:223,1
DA:224,1
DA:225,1
DA:226,1
DA:227,1
DA:230,1
DA:231,1
DA:232,1
DA:233,1
DA:234,1
DA:235,1
DA:237,1
DA:238,1
DA:239,1
DA:240,1
DA:242,1
DA:243,1
DA:244,1
DA:245,1
DA:247,1
DA:248,1
DA:249,1
DA:250,1
DA:251,1
BRF:0
BRH:0
LF:171
LH:171
end_of_record
SF:/home/matthew/develop/personal/gdsr/crates/gdsr/src/elements/polygon/utils.rs
FN:11,_RINvNtNtNtCseALiLYCy7VT_4gdsr8elements7polygon5utils12close_pointsANtNtB8_5point5Pointj4_ECscAl2Su1aNRC_4gdsr
FN:21,_RINvNtNtNtCseALiLYCy7VT_4gdsr8elements7polygon5utils33get_correct_polygon_points_formatANtNtB8_5point5Pointj4_ECscAl2Su1aNRC_4gdsr
FN:3,_RNvNtNtNtCseALiLYCy7VT_4gdsr8elements7polygon5utils17are_points_closed
FN:57,_RNvNtNtNtNtCsjdcaWkh8Zqt_4gdsr8elements7polygon5utils5testss_23test_close_points_empty
FN:30,_RNvNtNtNtNtCsjdcaWkh8Zqt_4gdsr8elements7polygon5utils5testss_28test_close_points_not_closed
FN:44,_RNvNtNtNtNtCsjdcaWkh8Zqt_4gdsr8elements7polygon5utils5testss_32test_close_points_already_closed
FN:11,_RINvNtNtNtCsjdcaWkh8Zqt_4gdsr8elements7polygon5utils12close_pointsANtNtB8_5point5Pointj3_EB8_
FN:11,_RINvNtNtNtCsjdcaWkh8Zqt_4gdsr8elements7polygon5utils12close_pointsINtNtCsgag4BwXrjBQ_5alloc3vec3VecNtNtB8_5point5PointEEB8_
FN:21,_RINvNtNtNtCsjdcaWkh8Zqt_4gdsr8elements7polygon5utils33get_correct_polygon_points_formatANtNtB8_5point5Pointj3_EB8_
FN:21,_RINvNtNtNtCsjdcaWkh8Zqt_4gdsr8elements7polygon5utils33get_correct_polygon_points_formatINtNtCsgag4BwXrjBQ_5alloc3vec3VecNtNtB8_5point5PointEEB8_
FN:3,_RNvNtNtNtCsjdcaWkh8Zqt_4gdsr8elements7polygon5utils17are_points_closed
FN:11,_RINvNtNtNtCseALiLYCy7VT_4gdsr8elements7polygon5utils12close_pointsANtNtB8_5point5Pointj4_ECsfi9sC8nGtV7_10read_write
FN:21,_RINvNtNtNtCseALiLYCy7VT_4gdsr8elements7polygon5utils33get_correct_polygon_points_formatANtNtB8_5point5Pointj4_ECsfi9sC8nGtV7_10read_write
FNDA:0,_RINvNtNtNtCseALiLYCy7VT_4gdsr8elements7polygon5utils12close_pointsANtNtB8_5point5Pointj4_ECscAl2Su1aNRC_4gdsr
FNDA:0,_RINvNtNtNtCseALiLYCy7VT_4gdsr8elements7polygon5utils33get_correct_polygon_points_formatANtNtB8_5point5Pointj4_ECscAl2Su1aNRC_4gdsr
FNDA:16,_RNvNtNtNtCseALiLYCy7VT_4gdsr8elements7polygon5utils17are_points_closed
FNDA:1,_RNvNtNtNtNtCsjdcaWkh8Zqt_4gdsr8elements7polygon5utils5testss_23test_close_points_empty
FNDA:1,_RNvNtNtNtNtCsjdcaWkh8Zqt_4gdsr8elements7polygon5utils5testss_28test_close_points_not_closed
FNDA:1,_RNvNtNtNtNtCsjdcaWkh8Zqt_4gdsr8elements7polygon5utils5testss_32test_close_points_already_closed
FNDA:5,_RINvNtNtNtCsjdcaWkh8Zqt_4gdsr8elements7polygon5utils12close_pointsANtNtB8_5point5Pointj3_EB8_
FNDA:19,_RINvNtNtNtCsjdcaWkh8Zqt_4gdsr8elements7polygon5utils12close_pointsINtNtCsgag4BwXrjBQ_5alloc3vec3VecNtNtB8_5point5PointEEB8_
FNDA:5,_RINvNtNtNtCsjdcaWkh8Zqt_4gdsr8elements7polygon5utils33get_correct_polygon_points_formatANtNtB8_5point5Pointj3_EB8_
FNDA:16,_RINvNtNtNtCsjdcaWkh8Zqt_4gdsr8elements7polygon5utils33get_correct_polygon_points_formatINtNtCsgag4BwXrjBQ_5alloc3vec3VecNtNtB8_5point5PointEEB8_
FNDA:24,_RNvNtNtNtCsjdcaWkh8Zqt_4gdsr8elements7polygon5utils17are_points_closed
FNDA:16,_RINvNtNtNtCseALiLYCy7VT_4gdsr8elements7polygon5utils12close_pointsANtNtB8_5point5Pointj4_ECsfi9sC8nGtV7_10read_write
FNDA:16,_RINvNtNtNtCseALiLYCy7VT_4gdsr8elements7polygon5utils33get_correct_polygon_points_formatANtNtB8_5point5Pointj4_ECsfi9sC8nGtV7_10read_write
FNF:6
FNH:6
DA:3,40
DA:4,40
DA:5,40
DA:6,4
DA:7,36
DA:8,36
DA:9,40
DA:11,40
DA:12,40
DA:13,40
DA:14,35
DA:15,35
DA:16,35
DA:17,5
DA:18,40
DA:19,40
DA:21,37
DA:22,37
DA:23,37
DA:30,1
DA:31,1
DA:32,1
DA:33,1
DA:34,1
DA:36,1
DA:38,1
DA:39,1
DA:40,1
DA:41,1
DA:44,1
DA:45,1
DA:46,1
DA:47,1
DA:48,1
DA:49,1
DA:51,1
DA:53,1
DA:54,1
DA:57,1
DA:58,1
DA:59,1
DA:61,1
DA:62,1
BRF:0
BRH:0
LF:43
LH:43
end_of_record
SF:/home/matthew/develop/personal/gdsr/crates/gdsr/src/elements/reference/instance/mod.rs
FN:14,_RNvXNtNtNtCseALiLYCy7VT_4gdsr8elements9reference8instanceNtB2_8InstanceNtNtCs3XFJfFEDSOQ_4core7default7Default7default
FN:30,_RNvXs0_NtNtNtCseALiLYCy7VT_4gdsr8elements9reference8instanceNtB5_8InstanceINtNtCs3XFJfFEDSOQ_4core7convert4FromNtNtB9_7polygon7PolygonE4from
FN:36,_RNvXs1_NtNtNtCseALiLYCy7VT_4gdsr8elements9reference8instanceNtB5_8InstanceINtNtCs3XFJfFEDSOQ_4core7convert4FromNtNtB9_4path4PathE4from
FN:42,_RNvXs2_NtNtNtCseALiLYCy7VT_4gdsr8elements9reference8instanceNtB5_8InstanceINtNtCs3XFJfFEDSOQ_4core7convert4FromNtNtB9_4text4TextE4from
FN:55,_RNvXs3_NtNtNtCseALiLYCy7VT_4gdsr8elements9reference8instanceNtB5_8InstanceINtNtCs3XFJfFEDSOQ_4core7convert4FromRNtNtBb_4cell4CellE4from
FN:61,_RNvXs4_NtNtNtCseALiLYCy7VT_4gdsr8elements9reference8instanceNtB5_8InstanceINtNtCs3XFJfFEDSOQ_4core7convert4FromNtNtCsgag4BwXrjBQ_5alloc6string6StringE4from
FN:67,_RNvXs5_NtNtNtCseALiLYCy7VT_4gdsr8elements9reference8instanceNtB5_8InstanceINtNtCs3XFJfFEDSOQ_4core7convert4FromReE4from
FN:20,_RNvXs_NtNtNtCseALiLYCy7VT_4gdsr8elements9reference8instanceNtB4_8InstanceNtNtCs3XFJfFEDSOQ_4core3fmt7Display3fmt
FN:36,_RNvXs1_NtNtNtCsjdcaWkh8Zqt_4gdsr8elements9reference8instanceNtB5_8InstanceINtNtCs3XFJfFEDSOQ_4core7convert4FromNtNtB9_4path4PathE4from
FN:42,_RNvXs2_NtNtNtCsjdcaWkh8Zqt_4gdsr8elements9reference8instanceNtB5_8InstanceINtNtCs3XFJfFEDSOQ_4core7convert4FromNtNtB9_4text4TextE4from
FN:55,_RNvXs3_NtNtNtCsjdcaWkh8Zqt_4gdsr8elements9reference8instanceNtB5_8InstanceINtNtCs3XFJfFEDSOQ_4core7convert4FromRNtNtBb_4cell4CellE4from
FN:14,_RNvXNtNtNtCsjdcaWkh8Zqt_4gdsr8elements9reference8instanceNtB2_8InstanceNtNtCs3XFJfFEDSOQ_4core7default7Default7default
FN:30,_RNvXs0_NtNtNtCsjdcaWkh8Zqt_4gdsr8elements9reference8instanceNtB5_8InstanceINtNtCs3XFJfFEDSOQ_4core7convert4FromNtNtB9_7polygon7PolygonE4from
FN:61,_RNvXs4_NtNtNtCsjdcaWkh8Zqt_4gdsr8elements9reference8instanceNtB5_8InstanceINtNtCs3XFJfFEDSOQ_4core7convert4FromNtNtCsgag4BwXrjBQ_5alloc6string6StringE4from
FN:67,_RNvXs5_NtNtNtCsjdcaWkh8Zqt_4gdsr8elements9reference8instanceNtB5_8InstanceINtNtCs3XFJfFEDSOQ_4core7convert4FromReE4from
FN:20,_RNvXs_NtNtNtCsjdcaWkh8Zqt_4gdsr8elements9reference8instanceNtB4_8InstanceNtNtCs3XFJfFEDSOQ_4core3fmt7Display3fmt
FN:78,_RNvNtNtNtNtCsjdcaWkh8Zqt_4gdsr8elements9reference8instance5testss_18test_instance_cell
FN:123,_RNvNtNtNtNtCsjdcaWkh8Zqt_4gdsr8elements9reference8instance5testss_19test_instance_clone
FN:109,_RNvNtNtNtNtCsjdcaWkh8Zqt_4gdsr8elements9reference8instance5testss_21test_instance_default
FN:115,_RNvNtNtNtNtCsjdcaWkh8Zqt_4gdsr8elements9reference8instance5testss_21test_instance_display
FN:84,_RNvNtNtNtNtCsjdcaWkh8Zqt_4gdsr8elements9reference8instance5testss_25test_instance_from_string
FN:90,_RNvNtNtNtNtCsjdcaWkh8Zqt_4gdsr8elements9reference8instance5testss_26test_instance_from_polygon
FNDA:5,_RNvXNtNtNtCseALiLYCy7VT_4gdsr8elements9reference8instanceNtB2_8InstanceNtNtCs3XFJfFEDSOQ_4core7default7Default7default
FNDA:3,_RNvXs0_NtNtNtCseALiLYCy7VT_4gdsr8elements9reference8instanceNtB5_8InstanceINtNtCs3XFJfFEDSOQ_4core7convert4FromNtNtB9_7polygon7PolygonE4from
FNDA:0,_RNvXs1_NtNtNtCseALiLYCy7VT_4gdsr8elements9reference8instanceNtB5_8InstanceINtNtCs3XFJfFEDSOQ_4core7convert4FromNtNtB9_4path4PathE4from
FNDA:0,_RNvXs2_NtNtNtCseALiLYCy7VT_4gdsr8elements9reference8instanceNtB5_8InstanceINtNtCs3XFJfFEDSOQ_4core7convert4FromNtNtB9_4text4TextE4from
FNDA:2,_RNvXs3_NtNtNtCseALiLYCy7VT_4gdsr8elements9reference8instanceNtB5_8InstanceINtNtCs3XFJfFEDSOQ_4core7convert4FromRNtNtBb_4cell4CellE4from
FNDA:3,_RNvXs4_NtNtNtCseALiLYCy7VT_4gdsr8elements9reference8instanceNtB5_8InstanceINtNtCs3XFJfFEDSOQ_4core7convert4FromNtNtCsgag4BwXrjBQ_5alloc6string6StringE4from
FNDA:0,_RNvXs5_NtNtNtCseALiLYCy7VT_4gdsr8elements9reference8instanceNtB5_8InstanceINtNtCs3XFJfFEDSOQ_4core7convert4FromReE4from
FNDA:0,_RNvXs_NtNtNtCseALiLYCy7VT_4gdsr8elements9reference8instanceNtB4_8InstanceNtNtCs3XFJfFEDSOQ_4core3fmt7Display3fmt
FNDA:0,_RNvXs1_NtNtNtCsjdcaWkh8Zqt_4gdsr8elements9reference8instanceNtB5_8InstanceINtNtCs3XFJfFEDSOQ_4core7convert4FromNtNtB9_4path4PathE4from
FNDA:0,_RNvXs2_NtNtNtCsjdcaWkh8Zqt_4gdsr8elements9reference8instanceNtB5_8InstanceINtNtCs3XFJfFEDSOQ_4core7convert4FromNtNtB9_4text4TextE4from
FNDA:0,_RNvXs3_NtNtNtCsjdcaWkh8Zqt_4gdsr8elements9reference8instanceNtB5_8InstanceINtNtCs3XFJfFEDSOQ_4core7convert4FromRNtNtBb_4cell4CellE4from
FNDA:2,_RNvXNtNtNtCsjdcaWkh8Zqt_4gdsr8elements9reference8instanceNtB2_8InstanceNtNtCs3XFJfFEDSOQ_4core7default7Default7default
FNDA:5,_RNvXs0_NtNtNtCsjdcaWkh8Zqt_4gdsr8elements9reference8instanceNtB5_8InstanceINtNtCs3XFJfFEDSOQ_4core7convert4FromNtNtB9_7polygon7PolygonE4from
FNDA:1,_RNvXs4_NtNtNtCsjdcaWkh8Zqt_4gdsr8elements9reference8instanceNtB5_8InstanceINtNtCs3XFJfFEDSOQ_4core7convert4FromNtNtCsgag4BwXrjBQ_5alloc6string6StringE4from
FNDA:5,_RNvXs5_NtNtNtCsjdcaWkh8Zqt_4gdsr8elements9reference8instanceNtB5_8InstanceINtNtCs3XFJfFEDSOQ_4core7convert4FromReE4from
FNDA:3,_RNvXs_NtNtNtCsjdcaWkh8Zqt_4gdsr8elements9reference8instanceNtB4_8InstanceNtNtCs3XFJfFEDSOQ_4core3fmt7Display3fmt
FNDA:1,_RNvNtNtNtNtCsjdcaWkh8Zqt_4gdsr8elements9reference8instance5testss_18test_instance_cell
FNDA:1,_RNvNtNtNtNtCsjdcaWkh8Zqt_4gdsr8elements9reference8instance5testss_19test_instance_clone
FNDA:1,_RNvNtNtNtNtCsjdcaWkh8Zqt_4gdsr8elements9reference8instance5testss_21test_instance_default
FNDA:1,_RNvNtNtNtNtCsjdcaWkh8Zqt_4gdsr8elements9reference8instance5testss_21test_instance_display
FNDA:1,_RNvNtNtNtNtCsjdcaWkh8Zqt_4gdsr8elements9reference8instance5testss_25test_instance_from_string
FNDA:1,_RNvNtNtNtNtCsjdcaWkh8Zqt_4gdsr8elements9reference8instance5testss_26test_instance_from_polygon
FNF:14
FNH:12
DA:14,7
DA:15,7
DA:16,7
DA:20,3
DA:21,3
DA:22,2
DA:23,1
DA:25,3
DA:30,8
DA:31,8
DA:32,8
DA:36,0
DA:37,0
DA:38,0
DA:42,0
DA:43,0
DA:44,0
DA:55,2
DA:56,2
DA:57,2
DA:61,4
DA:62,4
DA:63,4
DA:67,5
DA:68,5
DA:69,5
DA:78,1
DA:79,1
DA:80,1
DA:81,1
DA:84,1
DA:85,1
DA:86,1
DA:87,1
DA:90,1
DA:91,1
DA:92,1
DA:93,1
DA:94,1
DA:95,1
DA:96,1
DA:100,1
DA:102,1
DA:103,1
DA:104,0
DA:106,1
DA:109,1
DA:110,1
DA:111,1
DA:112,1
DA:115,1
DA:116,1
DA:117,1
DA:118,1
DA:119,1
DA:120,1
DA:123,1
DA:124,1
DA:125,1
DA:126,1
DA:127,1
BRF:0
BRH:0
LF:61
LH:54
end_of_record
SF:/home/matthew/develop/personal/gdsr/crates/gdsr/src/elements/reference/io.rs
FN:77,_RNCNvMs_NtNtNtCseALiLYCy7VT_4gdsr8elements9reference2ioNtB8_9Reference21to_gds_impl_with_cell0Bc_
FN:40,_RNvMs_NtNtNtCseALiLYCy7VT_4gdsr8elements9reference2ioNtB6_9Reference21to_gds_impl_with_cell
FN:27,_RNvMs_NtNtNtCseALiLYCy7VT_4gdsr8elements9reference2ioNtB6_9Reference24to_gds_impl_with_element
FN:14,_RNvXNtNtNtCseALiLYCy7VT_4gdsr8elements9reference2ioNtB4_9ReferenceNtNtB8_6traits5ToGds11to_gds_impl
FN:77,_RNCNvMs_NtNtNtCsjdcaWkh8Zqt_4gdsr8elements9reference2ioNtB8_9Reference21to_gds_impl_with_cell0Bc_
FN:40,_RNvMs_NtNtNtCsjdcaWkh8Zqt_4gdsr8elements9reference2ioNtB6_9Reference21to_gds_impl_with_cell
FN:27,_RNvMs_NtNtNtCsjdcaWkh8Zqt_4gdsr8elements9reference2ioNtB6_9Reference24to_gds_impl_with_element
FN:14,_RNvXNtNtNtCsjdcaWkh8Zqt_4gdsr8elements9reference2ioNtB4_9ReferenceNtNtB8_6traits5ToGds11to_gds_impl
FNDA:15,_RNCNvMs_NtNtNtCseALiLYCy7VT_4gdsr8elements9reference2ioNtB8_9Reference21to_gds_impl_with_cell0Bc_
FNDA:5,_RNvMs_NtNtNtCseALiLYCy7VT_4gdsr8elements9reference2ioNtB6_9Reference21to_gds_impl_with_cell
FNDA:0,_RNvMs_NtNtNtCseALiLYCy7VT_4gdsr8elements9reference2ioNtB6_9Reference24to_gds_impl_with_element
FNDA:5,_RNvXNtNtNtCseALiLYCy7VT_4gdsr8elements9reference2ioNtB4_9ReferenceNtNtB8_6traits5ToGds11to_gds_impl
FNDA:0,_RNCNvMs_NtNtNtCsjdcaWkh8Zqt_4gdsr8elements9reference2ioNtB8_9Reference21to_gds_impl_with_cell0Bc_
FNDA:0,_RNvMs_NtNtNtCsjdcaWkh8Zqt_4gdsr8elements9reference2ioNtB6_9Reference21to_gds_impl_with_cell
FNDA:0,_RNvMs_NtNtNtCsjdcaWkh8Zqt_4gdsr8elements9reference2ioNtB6_9Reference24to_gds_impl_with_element
FNDA:0,_RNvXNtNtNtCsjdcaWkh8Zqt_4gdsr8elements9reference2ioNtB4_9ReferenceNtNtB8_6traits5ToGds11to_gds_impl
FNF:4
FNH:3
DA:14,5
DA:15,5
DA:16,5
DA:17,5
DA:19,0
DA:20,0
DA:23,5
DA:27,0
DA:28,0
DA:29,0
DA:30,0
DA:31,0
DA:32,0
DA:33,0
DA:34,0
DA:37,0
DA:38,0
DA:40,5
DA:41,5
DA:42,5
DA:43,5
DA:44,5
DA:45,5
DA:46,5
DA:47,5
DA:48,5
DA:49,5
DA:51,5
DA:53,5
DA:55,5
DA:56,5
DA:57,5
DA:58,5
DA:59,5
DA:60,0
DA:62,5
DA:63,5
DA:64,5
DA:65,5
DA:66,5
DA:67,5
DA:69,5
DA:71,5
DA:72,5
DA:73,5
DA:75,5
DA:76,5
DA:77,15
DA:78,5
DA:80,5
DA:82,5
DA:83,5
BRF:0
BRH:0
LF:53
LH:40
end_of_record
SF:/home/matthew/develop/personal/gdsr/crates/gdsr/src/elements/reference/mod.rs
FN:15,_RINvMNtNtCseALiLYCy7VT_4gdsr8elements9referenceNtB3_9Reference3newNtNtB5_7polygon7PolygonECscAl2Su1aNRC_4gdsr
FN:30,_RNvMNtNtCseALiLYCy7VT_4gdsr8elements9referenceNtB2_9Reference20get_elements_in_grid
FN:26,_RNvMNtNtCseALiLYCy7VT_4gdsr8elements9referenceNtB2_9Reference4grid
FN:60,_RNvMNtNtCseALiLYCy7VT_4gdsr8elements9referenceNtB2_9Reference7flatten
FN:22,_RNvMNtNtCseALiLYCy7VT_4gdsr8elements9referenceNtB2_9Reference8instance
FN:102,_RNvXs0_NtNtCseALiLYCy7VT_4gdsr8elements9referenceNtB5_9ReferenceNtNtB9_6traits13Transformable14transform_impl
FN:109,_RNvXs1_NtNtCseALiLYCy7VT_4gdsr8elements9referenceNtB5_9ReferenceNtNtB9_6traits7Movable7move_to
FN:96,_RNvXs_NtNtCseALiLYCy7VT_4gdsr8elements9referenceNtB4_9ReferenceNtNtCs3XFJfFEDSOQ_4core3fmt7Display3fmt
FN:173,_RNvNtNtNtCsjdcaWkh8Zqt_4gdsr8elements9reference5testss_18test_reference_new
FN:200,_RNvNtNtNtCsjdcaWkh8Zqt_4gdsr8elements9reference5testss_22test_reference_default
FN:227,_RNvNtNtNtCsjdcaWkh8Zqt_4gdsr8elements9reference5testss_22test_reference_display
FN:246,_RNvNtNtNtCsjdcaWkh8Zqt_4gdsr8elements9reference5testss_22test_reference_flatten
FN:207,_RNvNtNtNtCsjdcaWkh8Zqt_4gdsr8elements9reference5testss_29test_reference_from_cell_name
FN:30,_RNvMNtNtCsjdcaWkh8Zqt_4gdsr8elements9referenceNtB2_9Reference20get_elements_in_grid
FN:26,_RNvMNtNtCsjdcaWkh8Zqt_4gdsr8elements9referenceNtB2_9Reference4grid
FN:60,_RNvMNtNtCsjdcaWkh8Zqt_4gdsr8elements9referenceNtB2_9Reference7flatten
FN:22,_RNvMNtNtCsjdcaWkh8Zqt_4gdsr8elements9referenceNtB2_9Reference8instance
FN:102,_RNvXs0_NtNtCsjdcaWkh8Zqt_4gdsr8elements9referenceNtB5_9ReferenceNtNtB9_6traits13Transformable14transform_impl
FN:109,_RNvXs1_NtNtCsjdcaWkh8Zqt_4gdsr8elements9referenceNtB5_9ReferenceNtNtB9_6traits7Movable7move_to
FN:96,_RNvXs_NtNtCsjdcaWkh8Zqt_4gdsr8elements9referenceNtB4_9ReferenceNtNtCs3XFJfFEDSOQ_4core3fmt7Display3fmt
FN:15,_RINvMNtNtCsjdcaWkh8Zqt_4gdsr8elements9referenceNtB3_9Reference3newNtNtB5_7polygon7PolygonEB7_
FN:15,_RINvMNtNtCsjdcaWkh8Zqt_4gdsr8elements9referenceNtB3_9Reference3newReEB7_
FN:15,_RINvMNtNtCseALiLYCy7VT_4gdsr8elements9referenceNtB3_9Reference3newNtNtB5_7polygon7PolygonECsfi9sC8nGtV7_10read_write
FN:15,_RINvMNtNtCseALiLYCy7VT_4gdsr8elements9referenceNtB3_9Reference3newNtNtCsgag4BwXrjBQ_5alloc6string6StringECsfi9sC8nGtV7_10read_write
FN:15,_RINvMNtNtCseALiLYCy7VT_4gdsr8elements9referenceNtB3_9Reference3newRNtNtB7_4cell4CellECsfi9sC8nGtV7_10read_write
FNDA:0,_RINvMNtNtCseALiLYCy7VT_4gdsr8elements9referenceNtB3_9Reference3newNtNtB5_7polygon7PolygonECscAl2Su1aNRC_4gdsr
FNDA:3,_RNvMNtNtCseALiLYCy7VT_4gdsr8elements9referenceNtB2_9Reference20get_elements_in_grid
FNDA:78,_RNvMNtNtCseALiLYCy7VT_4gdsr8elements9referenceNtB2_9Reference4grid
FNDA:3,_RNvMNtNtCseALiLYCy7VT_4gdsr8elements9referenceNtB2_9Reference7flatten
FNDA:0,_RNvMNtNtCseALiLYCy7VT_4gdsr8elements9referenceNtB2_9Reference8instance
FNDA:0,_RNvXs0_NtNtCseALiLYCy7VT_4gdsr8elements9referenceNtB5_9ReferenceNtNtB9_6traits13Transformable14transform_impl
FNDA:0,_RNvXs1_NtNtCseALiLYCy7VT_4gdsr8elements9referenceNtB5_9ReferenceNtNtB9_6traits7Movable7move_to
FNDA:0,_RNvXs_NtNtCseALiLYCy7VT_4gdsr8elements9referenceNtB4_9ReferenceNtNtCs3XFJfFEDSOQ_4core3fmt7Display3fmt
FNDA:1,_RNvNtNtNtCsjdcaWkh8Zqt_4gdsr8elements9reference5testss_18test_reference_new
FNDA:1,_RNvNtNtNtCsjdcaWkh8Zqt_4gdsr8elements9reference5testss_22test_reference_default
FNDA:1,_RNvNtNtNtCsjdcaWkh8Zqt_4gdsr8elements9reference5testss_22test_reference_display
FNDA:1,_RNvNtNtNtCsjdcaWkh8Zqt_4gdsr8elements9reference5testss_22test_reference_flatten
FNDA:1,_RNvNtNtNtCsjdcaWkh8Zqt_4gdsr8elements9reference5testss_29test_reference_from_cell_name
FNDA:4,_RNvMNtNtCsjdcaWkh8Zqt_4gdsr8elements9referenceNtB2_9Reference20get_elements_in_grid
FNDA:8,_RNvMNtNtCsjdcaWkh8Zqt_4gdsr8elements9referenceNtB2_9Reference4grid
FNDA:4,_RNvMNtNtCsjdcaWkh8Zqt_4gdsr8elements9referenceNtB2_9Reference7flatten
FNDA:1,_RNvMNtNtCsjdcaWkh8Zqt_4gdsr8elements9referenceNtB2_9Reference8instance
FNDA:1,_RNvXs0_NtNtCsjdcaWkh8Zqt_4gdsr8elements9referenceNtB5_9ReferenceNtNtB9_6traits13Transformable14transform_impl
FNDA:1,_RNvXs1_NtNtCsjdcaWkh8Zqt_4gdsr8elements9referenceNtB5_9ReferenceNtNtB9_6traits7Movable7move_to
FNDA:2,_RNvXs_NtNtCsjdcaWkh8Zqt_4gdsr8elements9referenceNtB4_9ReferenceNtNtCs3XFJfFEDSOQ_4core3fmt7Display3fmt
FNDA:4,_RINvMNtNtCsjdcaWkh8Zqt_4gdsr8elements9referenceNtB3_9Reference3newNtNtB5_7polygon7PolygonEB7_
FNDA:2,_RINvMNtNtCsjdcaWkh8Zqt_4gdsr8elements9referenceNtB3_9Reference3newReEB7_
FNDA:3,_RINvMNtNtCseALiLYCy7VT_4gdsr8elements9referenceNtB3_9Reference3newNtNtB5_7polygon7PolygonECsfi9sC8nGtV7_10read_write
FNDA:3,_RINvMNtNtCseALiLYCy7VT_4gdsr8elements9referenceNtB3_9Reference3newNtNtCsgag4BwXrjBQ_5alloc6string6StringECsfi9sC8nGtV7_10read_write
FNDA:2,_RINvMNtNtCseALiLYCy7VT_4gdsr8elements9referenceNtB3_9Reference3newRNtNtB7_4cell4CellECsfi9sC8nGtV7_10read_write
FNF:13
FNH:13
DA:15,14
DA:16,14
DA:17,14
DA:18,14
DA:19,14
DA:20,14
DA:22,1
DA:23,1
DA:24,1
DA:26,86
DA:27,86
DA:28,86
DA:30,7
DA:31,7
DA:33,7
DA:34,7
DA:36,16
DA:37,16
DA:38,38
DA:39,38
DA:41,38
DA:43,38
DA:44,18
DA:45,20
DA:46,38
DA:47,38
DA:49,38
DA:51,38
DA:53,38
DA:57,7
DA:58,7
DA:60,7
DA:61,7
DA:62,7
DA:63,7
DA:64,0
DA:65,7
DA:66,7
DA:67,0
DA:68,0
DA:69,0
DA:70,0
DA:71,0
DA:72,0
DA:73,0
DA:75,7
DA:76,7
DA:77,7
DA:78,7
DA:80,0
DA:81,0
DA:82,0
DA:84,0
DA:85,0
DA:86,0
DA:91,7
DA:92,7
DA:96,2
DA:97,2
DA:98,2
DA:102,1
DA:103,1
DA:104,1
DA:105,1
DA:109,1
DA:110,1
DA:111,1
DA:112,1
DA:173,1
DA:174,1
DA:175,1
DA:176,1
DA:177,1
DA:178,1
DA:183,1
DA:184,1
DA:187,1
DA:188,1
DA:193,1
DA:195,1
DA:196,1
DA:197,1
DA:200,1
DA:201,1
DA:202,1
DA:203,1
DA:204,1
DA:207,1
DA:208,1
DA:209,1
DA:212,1
DA:213,1
DA:218,1
DA:220,1
DA:221,1
DA:222,0
DA:224,1
DA:227,1
DA:228,1
DA:229,1
DA:232,1
DA:233,1
DA:238,1
DA:240,1
DA:241,1
DA:242,1
DA:243,1
DA:246,1
DA:247,1
DA:248,1
DA:249,1
DA:250,1
DA:251,1
DA:252,1
DA:253,1
DA:257,1
DA:258,1
DA:261,1
DA:262,1
DA:267,1
DA:269,1
DA:270,1
DA:272,1
DA:273,1
BRF:0
BRH:0
LF:124
LH:109
end_of_record
SF:/home/matthew/develop/personal/gdsr/crates/gdsr/src/elements/text/io.rs
FN:14,_RNvXNtNtNtCseALiLYCy7VT_4gdsr8elements4text2ioNtB4_4TextNtNtB8_6traits5ToGds11to_gds_impl
FN:14,_RNvXNtNtNtCsjdcaWkh8Zqt_4gdsr8elements4text2ioNtB4_4TextNtNtB8_6traits5ToGds11to_gds_impl
FNDA:5,_RNvXNtNtNtCseALiLYCy7VT_4gdsr8elements4text2ioNtB4_4TextNtNtB8_6traits5ToGds11to_gds_impl
FNDA:0,_RNvXNtNtNtCsjdcaWkh8Zqt_4gdsr8elements4text2ioNtB4_4TextNtNtB8_6traits5ToGds11to_gds_impl
FNF:1
FNH:1
DA:14,5
DA:15,5
DA:17,5
DA:19,5
DA:20,5
DA:22,5
DA:25,5
DA:26,5
DA:27,5
DA:28,5
DA:32,5
DA:34,5
DA:35,5
DA:36,5
DA:37,5
DA:38,5
DA:39,0
DA:41,5
DA:43,5
DA:45,5
DA:46,5
BRF:0
BRH:0
LF:21
LH:20
end_of_record
SF:/home/matthew/develop/personal/gdsr/crates/gdsr/src/elements/text/mod.rs
FN:66,_RNvMs_NtNtCseALiLYCy7VT_4gdsr8elements4textNtB4_4Text10set_origin
FN:82,_RNvMs_NtNtCseALiLYCy7VT_4gdsr8elements4textNtB4_4Text12x_reflection
FN:74,_RNvMs_NtNtCseALiLYCy7VT_4gdsr8elements4textNtB4_4Text13magnification
FN:86,_RNvMs_NtNtCseALiLYCy7VT_4gdsr8elements4textNtB4_4Text21vertical_presentation
FN:90,_RNvMs_NtNtCseALiLYCy7VT_4gdsr8elements4textNtB4_4Text23horizontal_presentation
FN:36,_RNvMs_NtNtCseALiLYCy7VT_4gdsr8elements4textNtB4_4Text3new
FN:58,_RNvMs_NtNtCseALiLYCy7VT_4gdsr8elements4textNtB4_4Text4text
FN:78,_RNvMs_NtNtCseALiLYCy7VT_4gdsr8elements4textNtB4_4Text5angle
FN:70,_RNvMs_NtNtCseALiLYCy7VT_4gdsr8elements4textNtB4_4Text5layer
FN:62,_RNvMs_NtNtCseALiLYCy7VT_4gdsr8elements4textNtB4_4Text6origin
FN:20,_RNvXNtNtCseALiLYCy7VT_4gdsr8elements4textNtB2_4TextNtNtCs3XFJfFEDSOQ_4core7default7Default7default
FN:96,_RNvXs0_NtNtCseALiLYCy7VT_4gdsr8elements4textNtB5_4TextNtNtCs3XFJfFEDSOQ_4core3fmt7Display3fmt
FN:109,_RNvXs1_NtNtCseALiLYCy7VT_4gdsr8elements4textNtB5_4TextNtNtB9_6traits13Transformable14transform_impl
FN:134,_RNvXs2_NtNtCseALiLYCy7VT_4gdsr8elements4textNtB5_4TextNtNtB9_6traits7Movable7move_to
FN:166,_RNvNtNtNtCsjdcaWkh8Zqt_4gdsr8elements4text5testss_17test_text_default
FN:178,_RNvNtNtNtCsjdcaWkh8Zqt_4gdsr8elements4text5testss_17test_text_display
FN:145,_RNvNtNtNtCsjdcaWkh8Zqt_4gdsr8elements4text5testss_18test_text_creation
FN:197,_RNvNtNtNtCsjdcaWkh8Zqt_4gdsr8elements4text5testss_30test_text_clone_and_partial_eq
FN:66,_RNvMs_NtNtCsjdcaWkh8Zqt_4gdsr8elements4textNtB4_4Text10set_origin
FN:82,_RNvMs_NtNtCsjdcaWkh8Zqt_4gdsr8elements4textNtB4_4Text12x_reflection
FN:74,_RNvMs_NtNtCsjdcaWkh8Zqt_4gdsr8elements4textNtB4_4Text13magnification
FN:86,_RNvMs_NtNtCsjdcaWkh8Zqt_4gdsr8elements4textNtB4_4Text21vertical_presentation
FN:90,_RNvMs_NtNtCsjdcaWkh8Zqt_4gdsr8elements4textNtB4_4Text23horizontal_presentation
FN:36,_RNvMs_NtNtCsjdcaWkh8Zqt_4gdsr8elements4textNtB4_4Text3new
FN:58,_RNvMs_NtNtCsjdcaWkh8Zqt_4gdsr8elements4textNtB4_4Text4text
FN:78,_RNvMs_NtNtCsjdcaWkh8Zqt_4gdsr8elements4textNtB4_4Text5angle
FN:70,_RNvMs_NtNtCsjdcaWkh8Zqt_4gdsr8elements4textNtB4_4Text5layer
FN:62,_RNvMs_NtNtCsjdcaWkh8Zqt_4gdsr8elements4textNtB4_4Text6origin
FN:20,_RNvXNtNtCsjdcaWkh8Zqt_4gdsr8elements4textNtB2_4TextNtNtCs3XFJfFEDSOQ_4core7default7Default7default
FN:96,_RNvXs0_NtNtCsjdcaWkh8Zqt_4gdsr8elements4textNtB5_4TextNtNtCs3XFJfFEDSOQ_4core3fmt7Display3fmt
FN:109,_RNvXs1_NtNtCsjdcaWkh8Zqt_4gdsr8elements4textNtB5_4TextNtNtB9_6traits13Transformable14transform_impl
FN:134,_RNvXs2_NtNtCsjdcaWkh8Zqt_4gdsr8elements4textNtB5_4TextNtNtB9_6traits7Movable7move_to
FNDA:0,_RNvMs_NtNtCseALiLYCy7VT_4gdsr8elements4textNtB4_4Text10set_origin
FNDA:5,_RNvMs_NtNtCseALiLYCy7VT_4gdsr8elements4textNtB4_4Text12x_reflection
FNDA:5,_RNvMs_NtNtCseALiLYCy7VT_4gdsr8elements4textNtB4_4Text13magnification
FNDA:5,_RNvMs_NtNtCseALiLYCy7VT_4gdsr8elements4textNtB4_4Text21vertical_presentation
FNDA:5,_RNvMs_NtNtCseALiLYCy7VT_4gdsr8elements4textNtB4_4Text23horizontal_presentation
FNDA:5,_RNvMs_NtNtCseALiLYCy7VT_4gdsr8elements4textNtB4_4Text3new
FNDA:5,_RNvMs_NtNtCseALiLYCy7VT_4gdsr8elements4textNtB4_4Text4text
FNDA:5,_RNvMs_NtNtCseALiLYCy7VT_4gdsr8elements4textNtB4_4Text5angle
FNDA:5,_RNvMs_NtNtCseALiLYCy7VT_4gdsr8elements4textNtB4_4Text5layer
FNDA:5,_RNvMs_NtNtCseALiLYCy7VT_4gdsr8elements4textNtB4_4Text6origin
FNDA:5,_RNvXNtNtCseALiLYCy7VT_4gdsr8elements4textNtB2_4TextNtNtCs3XFJfFEDSOQ_4core7default7Default7default
FNDA:0,_RNvXs0_NtNtCseALiLYCy7VT_4gdsr8elements4textNtB5_4TextNtNtCs3XFJfFEDSOQ_4core3fmt7Display3fmt
FNDA:0,_RNvXs1_NtNtCseALiLYCy7VT_4gdsr8elements4textNtB5_4TextNtNtB9_6traits13Transformable14transform_impl
FNDA:0,_RNvXs2_NtNtCseALiLYCy7VT_4gdsr8elements4textNtB5_4TextNtNtB9_6traits7Movable7move_to
FNDA:1,_RNvNtNtNtCsjdcaWkh8Zqt_4gdsr8elements4text5testss_17test_text_default
FNDA:1,_RNvNtNtNtCsjdcaWkh8Zqt_4gdsr8elements4text5testss_17test_text_display
FNDA:1,_RNvNtNtNtCsjdcaWkh8Zqt_4gdsr8elements4text5testss_18test_text_creation
FNDA:1,_RNvNtNtNtCsjdcaWkh8Zqt_4gdsr8elements4text5testss_30test_text_clone_and_partial_eq
FNDA:0,_RNvMs_NtNtCsjdcaWkh8Zqt_4gdsr8elements4textNtB4_4Text10set_origin
FNDA:2,_RNvMs_NtNtCsjdcaWkh8Zqt_4gdsr8elements4textNtB4_4Text12x_reflection
FNDA:2,_RNvMs_NtNtCsjdcaWkh8Zqt_4gdsr8elements4textNtB4_4Text13magnification
FNDA:2,_RNvMs_NtNtCsjdcaWkh8Zqt_4gdsr8elements4textNtB4_4Text21vertical_presentation
FNDA:2,_RNvMs_NtNtCsjdcaWkh8Zqt_4gdsr8elements4textNtB4_4Text23horizontal_presentation
FNDA:7,_RNvMs_NtNtCsjdcaWkh8Zqt_4gdsr8elements4textNtB4_4Text3new
FNDA:4,_RNvMs_NtNtCsjdcaWkh8Zqt_4gdsr8elements4textNtB4_4Text4text
FNDA:2,_RNvMs_NtNtCsjdcaWkh8Zqt_4gdsr8elements4textNtB4_4Text5angle
FNDA:2,_RNvMs_NtNtCsjdcaWkh8Zqt_4gdsr8elements4textNtB4_4Text5layer
FNDA:4,_RNvMs_NtNtCsjdcaWkh8Zqt_4gdsr8elements4textNtB4_4Text6origin
FNDA:1,_RNvXNtNtCsjdcaWkh8Zqt_4gdsr8elements4textNtB2_4TextNtNtCs3XFJfFEDSOQ_4core7default7Default7default
FNDA:2,_RNvXs0_NtNtCsjdcaWkh8Zqt_4gdsr8elements4textNtB5_4TextNtNtCs3XFJfFEDSOQ_4core3fmt7Display3fmt
FNDA:1,_RNvXs1_NtNtCsjdcaWkh8Zqt_4gdsr8elements4textNtB5_4TextNtNtB9_6traits13Transformable14transform_impl
FNDA:1,_RNvXs2_NtNtCsjdcaWkh8Zqt_4gdsr8elements4textNtB5_4TextNtNtB9_6traits7Movable7move_to
FNF:18
FNH:17
DA:20,6
DA:21,6
DA:22,6
DA:23,6
DA:24,6
DA:25,6
DA:26,6
DA:27,6
DA:28,6
DA:29,6
DA:30,6
DA:31,6
DA:36,12
DA:37,12
DA:38,12
DA:39,12
DA:40,12
DA:41,12
DA:42,12
DA:43,12
DA:44,12
DA:45,12
DA:46,12
DA:47,12
DA:48,12
DA:49,12
DA:50,12
DA:51,12
DA:52,12
DA:53,12
DA:54,12
DA:55,12
DA:56,12
DA:58,9
DA:59,9
DA:60,9
DA:62,9
DA:63,9
DA:64,9
DA:66,0
DA:67,0
DA:68,0
DA:70,7
DA:71,7
DA:72,7
DA:74,7
DA:75,7
DA:76,7
DA:78,7
DA:79,7
DA:80,7
DA:82,7
DA:83,7
DA:84,7
DA:86,7
DA:87,7
DA:88,7
DA:90,7
DA:91,7
DA:92,7
DA:96,2
DA:97,2
DA:98,2
DA:99,2
DA:100,2
DA:101,2
DA:102,2
DA:103,2
DA:105,2
DA:109,1
DA:110,1
DA:111,0
DA:112,1
DA:114,1
DA:115,0
DA:116,1
DA:118,1
DA:119,1
DA:120,0
DA:121,1
DA:122,1
DA:123,1
DA:124,1
DA:125,1
DA:126,1
DA:127,0
DA:129,1
DA:130,1
DA:134,1
DA:135,1
DA:136,1
DA:137,1
DA:145,1
DA:146,1
DA:147,1
DA:148,1
DA:153,1
DA:154,1
DA:157,1
DA:158,1
DA:159,1
DA:160,1
DA:161,1
DA:162,1
DA:163,1
DA:166,1
DA:167,1
DA:169,1
DA:170,1
DA:171,1
DA:172,1
DA:173,1
DA:174,1
DA:175,1
DA:178,1
DA:179,1
DA:180,1
DA:181,1
DA:186,1
DA:187,1
DA:190,1
DA:191,1
DA:192,1
DA:193,1
DA:194,1
DA:197,1
DA:198,1
DA:199,1
DA:200,1
DA:205,1
DA:206,1
DA:209,1
DA:210,1
DA:212,1
DA:213,1
DA:214,1
DA:219,1
DA:220,1
DA:222,1
DA:223,1
BRF:0
BRH:0
LF:140
LH:133
end_of_record
SF:/home/matthew/develop/personal/gdsr/crates/gdsr/src/elements/text/presentation/mod.rs
FN:22,_RNvMs0_NtNtNtCseALiLYCy7VT_4gdsr8elements4text12presentationNtB5_20VerticalPresentation3new
FN:31,_RNvMs0_NtNtNtCseALiLYCy7VT_4gdsr8elements4text12presentationNtB5_20VerticalPresentation4name
FN:39,_RNvMs0_NtNtNtCseALiLYCy7VT_4gdsr8elements4text12presentationNtB5_20VerticalPresentation5value
FN:43,_RNvMs0_NtNtNtCseALiLYCy7VT_4gdsr8elements4text12presentationNtB5_20VerticalPresentation6values
FN:69,_RNvMs3_NtNtNtCseALiLYCy7VT_4gdsr8elements4text12presentationNtB5_22HorizontalPresentation3new
FN:78,_RNvMs3_NtNtNtCseALiLYCy7VT_4gdsr8elements4text12presentationNtB5_22HorizontalPresentation4name
FN:86,_RNvMs3_NtNtNtCseALiLYCy7VT_4gdsr8elements4text12presentationNtB5_22HorizontalPresentation5value
FN:90,_RNvMs3_NtNtNtCseALiLYCy7VT_4gdsr8elements4text12presentationNtB5_22HorizontalPresentation6values
FN:10,_RNvXNtNtNtCseALiLYCy7VT_4gdsr8elements4text12presentationNtB2_20VerticalPresentationNtNtCs3XFJfFEDSOQ_4core3fmt7Display3fmt
FN:57,_RNvXs1_NtNtNtCseALiLYCy7VT_4gdsr8elements4text12presentationNtB5_22HorizontalPresentationNtNtCs3XFJfFEDSOQ_4core3fmt7Display3fmt
FN:63,_RNvXs2_NtNtNtCseALiLYCy7VT_4gdsr8elements4text12presentationNtB5_22HorizontalPresentationNtNtCs3XFJfFEDSOQ_4core3fmt5Debug3fmt
FN:16,_RNvXs_NtNtNtCseALiLYCy7VT_4gdsr8elements4text12presentationNtB4_20VerticalPresentationNtNtCs3XFJfFEDSOQ_4core3fmt5Debug3fmt
FN:22,_RNvMs0_NtNtNtCsjdcaWkh8Zqt_4gdsr8elements4text12presentationNtB5_20VerticalPresentation3new
FN:31,_RNvMs0_NtNtNtCsjdcaWkh8Zqt_4gdsr8elements4text12presentationNtB5_20VerticalPresentation4name
FN:39,_RNvMs0_NtNtNtCsjdcaWkh8Zqt_4gdsr8elements4text12presentationNtB5_20VerticalPresentation5value
FN:43,_RNvMs0_NtNtNtCsjdcaWkh8Zqt_4gdsr8elements4text12presentationNtB5_20VerticalPresentation6values
FN:69,_RNvMs3_NtNtNtCsjdcaWkh8Zqt_4gdsr8elements4text12presentationNtB5_22HorizontalPresentation3new
FN:78,_RNvMs3_NtNtNtCsjdcaWkh8Zqt_4gdsr8elements4text12presentationNtB5_22HorizontalPresentation4name
FN:86,_RNvMs3_NtNtNtCsjdcaWkh8Zqt_4gdsr8elements4text12presentationNtB5_22HorizontalPresentation5value
FN:90,_RNvMs3_NtNtNtCsjdcaWkh8Zqt_4gdsr8elements4text12presentationNtB5_22HorizontalPresentation6values
FN:10,_RNvXNtNtNtCsjdcaWkh8Zqt_4gdsr8elements4text12presentationNtB2_20VerticalPresentationNtNtCs3XFJfFEDSOQ_4core3fmt7Display3fmt
FN:57,_RNvXs1_NtNtNtCsjdcaWkh8Zqt_4gdsr8elements4text12presentationNtB5_22HorizontalPresentationNtNtCs3XFJfFEDSOQ_4core3fmt7Display3fmt
FN:63,_RNvXs2_NtNtNtCsjdcaWkh8Zqt_4gdsr8elements4text12presentationNtB5_22HorizontalPresentationNtNtCs3XFJfFEDSOQ_4core3fmt5Debug3fmt
FN:16,_RNvXs_NtNtNtCsjdcaWkh8Zqt_4gdsr8elements4text12presentationNtB4_20VerticalPresentationNtNtCs3XFJfFEDSOQ_4core3fmt5Debug3fmt
FN:100,_RNvNtNtNtNtCsjdcaWkh8Zqt_4gdsr8elements4text12presentation5testss_30test_vertical_presentation_new
FN:115,_RNvNtNtNtNtCsjdcaWkh8Zqt_4gdsr8elements4text12presentation5testss_31test_vertical_presentation_name
FN:167,_RNvNtNtNtNtCsjdcaWkh8Zqt_4gdsr8elements4text12presentation5testss_32test_horizontal_presentation_new
FN:240,_RNvNtNtNtNtCsjdcaWkh8Zqt_4gdsr8elements4text12presentation5testss_32test_presentation_error_messages
FN:122,_RNvNtNtNtNtCsjdcaWkh8Zqt_4gdsr8elements4text12presentation5testss_32test_vertical_presentation_value
FN:185,_RNvNtNtNtNtCsjdcaWkh8Zqt_4gdsr8elements4text12presentation5testss_33test_horizontal_presentation_name
FN:129,_RNvNtNtNtNtCsjdcaWkh8Zqt_4gdsr8elements4text12presentation5testss_33test_vertical_presentation_values
FN:192,_RNvNtNtNtNtCsjdcaWkh8Zqt_4gdsr8elements4text12presentation5testss_34test_horizontal_presentation_value
FN:138,_RNvNtNtNtNtCsjdcaWkh8Zqt_4gdsr8elements4text12presentation5testss_34test_vertical_presentation_default
FN:199,_RNvNtNtNtNtCsjdcaWkh8Zqt_4gdsr8elements4text12presentation5testss_35test_horizontal_presentation_values
FN:208,_RNvNtNtNtNtCsjdcaWkh8Zqt_4gdsr8elements4text12presentation5testss_36test_horizontal_presentation_default
FN:156,_RNvNtNtNtNtCsjdcaWkh8Zqt_4gdsr8elements4text12presentation5testss_40test_vertical_presentation_clone_copy_eq
FN:229,_RNvNtNtNtNtCsjdcaWkh8Zqt_4gdsr8elements4text12presentation5testss_42test_horizontal_presentation_clone_copy_eq
FN:146,_RNvNtNtNtNtCsjdcaWkh8Zqt_4gdsr8elements4text12presentation5testss_44test_vertical_presentation_display_and_debug
FN:216,_RNvNtNtNtNtCsjdcaWkh8Zqt_4gdsr8elements4text12presentation5testss_46test_horizontal_presentation_display_and_debug
FNDA:5,_RNvMs0_NtNtNtCseALiLYCy7VT_4gdsr8elements4text12presentationNtB5_20VerticalPresentation3new
FNDA:0,_RNvMs0_NtNtNtCseALiLYCy7VT_4gdsr8elements4text12presentationNtB5_20VerticalPresentation4name
FNDA:5,_RNvMs0_NtNtNtCseALiLYCy7VT_4gdsr8elements4text12presentationNtB5_20VerticalPresentation5value
FNDA:0,_RNvMs0_NtNtNtCseALiLYCy7VT_4gdsr8elements4text12presentationNtB5_20VerticalPresentation6values
FNDA:5,_RNvMs3_NtNtNtCseALiLYCy7VT_4gdsr8elements4text12presentationNtB5_22HorizontalPresentation3new
FNDA:0,_RNvMs3_NtNtNtCseALiLYCy7VT_4gdsr8elements4text12presentationNtB5_22HorizontalPresentation4name
FNDA:5,_RNvMs3_NtNtNtCseALiLYCy7VT_4gdsr8elements4text12presentationNtB5_22HorizontalPresentation5value
FNDA:0,_RNvMs3_NtNtNtCseALiLYCy7VT_4gdsr8elements4text12presentationNtB5_22HorizontalPresentation6values
FNDA:0,_RNvXNtNtNtCseALiLYCy7VT_4gdsr8elements4text12presentationNtB2_20VerticalPresentationNtNtCs3XFJfFEDSOQ_4core3fmt7Display3fmt
FNDA:0,_RNvXs1_NtNtNtCseALiLYCy7VT_4gdsr8elements4text12presentationNtB5_22HorizontalPresentationNtNtCs3XFJfFEDSOQ_4core3fmt7Display3fmt
FNDA:0,_RNvXs2_NtNtNtCseALiLYCy7VT_4gdsr8elements4text12presentationNtB5_22HorizontalPresentationNtNtCs3XFJfFEDSOQ_4core3fmt5Debug3fmt
FNDA:0,_RNvXs_NtNtNtCseALiLYCy7VT_4gdsr8elements4text12presentationNtB4_20VerticalPresentationNtNtCs3XFJfFEDSOQ_4core3fmt5Debug3fmt
FNDA:42,_RNvMs0_NtNtNtCsjdcaWkh8Zqt_4gdsr8elements4text12presentationNtB5_20VerticalPresentation3new
FNDA:11,_RNvMs0_NtNtNtCsjdcaWkh8Zqt_4gdsr8elements4text12presentationNtB5_20VerticalPresentation4name
FNDA:30,_RNvMs0_NtNtNtCsjdcaWkh8Zqt_4gdsr8elements4text12presentationNtB5_20VerticalPresentation5value
FNDA:1,_RNvMs0_NtNtNtCsjdcaWkh8Zqt_4gdsr8elements4text12presentationNtB5_20VerticalPresentation6values
FNDA:42,_RNvMs3_NtNtNtCsjdcaWkh8Zqt_4gdsr8elements4text12presentationNtB5_22HorizontalPresentation3new
FNDA:11,_RNvMs3_NtNtNtCsjdcaWkh8Zqt_4gdsr8elements4text12presentationNtB5_22HorizontalPresentation4name
FNDA:30,_RNvMs3_NtNtNtCsjdcaWkh8Zqt_4gdsr8elements4text12presentationNtB5_22HorizontalPresentation5value
FNDA:1,_RNvMs3_NtNtNtCsjdcaWkh8Zqt_4gdsr8elements4text12presentationNtB5_22HorizontalPresentation6values
FNDA:2,_RNvXNtNtNtCsjdcaWkh8Zqt_4gdsr8elements4text12presentationNtB2_20VerticalPresentationNtNtCs3XFJfFEDSOQ_4core3fmt7Display3fmt
FNDA:2,_RNvXs1_NtNtNtCsjdcaWkh8Zqt_4gdsr8elements4text12presentationNtB5_22HorizontalPresentationNtNtCs3XFJfFEDSOQ_4core3fmt7Display3fmt
FNDA:6,_RNvXs2_NtNtNtCsjdcaWkh8Zqt_4gdsr8elements4text12presentationNtB5_22HorizontalPresentationNtNtCs3XFJfFEDSOQ_4core3fmt5Debug3fmt
FNDA:6,_RNvXs_NtNtNtCsjdcaWkh8Zqt_4gdsr8elements4text12presentationNtB4_20VerticalPresentationNtNtCs3XFJfFEDSOQ_4core3fmt5Debug3fmt
FNDA:1,_RNvNtNtNtNtCsjdcaWkh8Zqt_4gdsr8elements4text12presentation5testss_30test_vertical_presentation_new
FNDA:1,_RNvNtNtNtNtCsjdcaWkh8Zqt_4gdsr8elements4text12presentation5testss_31test_vertical_presentation_name
FNDA:1,_RNvNtNtNtNtCsjdcaWkh8Zqt_4gdsr8elements4text12presentation5testss_32test_horizontal_presentation_new
FNDA:1,_RNvNtNtNtNtCsjdcaWkh8Zqt_4gdsr8elements4text12presentation5testss_32test_presentation_error_messages
FNDA:1,_RNvNtNtNtNtCsjdcaWkh8Zqt_4gdsr8elements4text12presentation5testss_32test_vertical_presentation_value
FNDA:1,_RNvNtNtNtNtCsjdcaWkh8Zqt_4gdsr8elements4text12presentation5testss_33test_horizontal_presentation_name
FNDA:1,_RNvNtNtNtNtCsjdcaWkh8Zqt_4gdsr8elements4text12presentation5testss_33test_vertical_presentation_values
FNDA:1,_RNvNtNtNtNtCsjdcaWkh8Zqt_4gdsr8elements4text12presentation5testss_34test_horizontal_presentation_value
FNDA:1,_RNvNtNtNtNtCsjdcaWkh8Zqt_4gdsr8elements4text12presentation5testss_34test_vertical_presentation_default
FNDA:1,_RNvNtNtNtNtCsjdcaWkh8Zqt_4gdsr8elements4text12presentation5testss_35test_horizontal_presentation_values
FNDA:1,_RNvNtNtNtNtCsjdcaWkh8Zqt_4gdsr8elements4text12presentation5testss_36test_horizontal_presentation_default
FNDA:1,_RNvNtNtNtNtCsjdcaWkh8Zqt_4gdsr8elements4text12presentation5testss_40test_vertical_presentation_clone_copy_eq
FNDA:1,_RNvNtNtNtNtCsjdcaWkh8Zqt_4gdsr8elements4text12presentation5testss_42test_horizontal_presentation_clone_copy_eq
FNDA:1,_RNvNtNtNtNtCsjdcaWkh8Zqt_4gdsr8elements4text12presentation5testss_44test_vertical_presentation_display_and_debug
FNDA:1,_RNvNtNtNtNtCsjdcaWkh8Zqt_4gdsr8elements4text12presentation5testss_46test_horizontal_presentation_display_and_debug
FNF:27
FNH:27
DA:10,2
DA:11,2
DA:12,2
DA:16,6
DA:17,6
DA:18,6
DA:22,47
DA:23,47
DA:24,14
DA:25,16
DA:26,14
DA:27,3
DA:29,47
DA:31,11
DA:32,11
DA:33,2
DA:34,6
DA:35,3
DA:37,11
DA:39,35
DA:40,35
DA:41,35
DA:43,1
DA:44,1
DA:45,1
DA:57,2
DA:58,2
DA:59,2
DA:63,6
DA:64,6
DA:65,6
DA:69,47
DA:70,47
DA:71,14
DA:72,16
DA:73,14
DA:74,3
DA:76,47
DA:78,11
DA:79,11
DA:80,3
DA:81,6
DA:82,2
DA:84,11
DA:86,35
DA:87,35
DA:88,35
DA:90,1
DA:91,1
DA:92,1
DA:100,1
DA:101,1
DA:102,1
DA:103,1
DA:106,1
DA:107,1
DA:110,1
DA:111,1
DA:112,1
DA:115,1
DA:116,1
DA:117,1
DA:118,1
DA:119,1
DA:122,1
DA:123,1
DA:124,1
DA:125,1
DA:126,1
DA:129,1
DA:130,1
DA:131,1
DA:132,1
DA:133,1
DA:134,1
DA:135,1
DA:138,1
DA:139,1
DA:140,1
DA:143,1
DA:146,1
DA:147,1
DA:148,1
DA:149,1
DA:150,1
DA:153,1
DA:156,1
DA:157,1
DA:158,1
DA:159,1
DA:161,1
DA:162,1
DA:163,1
DA:164,1
DA:167,1
DA:168,1
DA:169,1
DA:172,1
DA:173,1
DA:176,1
DA:177,1
DA:180,1
DA:181,1
DA:182,1
DA:185,1
DA:186,1
DA:187,1
DA:188,1
DA:189,1
DA:192,1
DA:193,1
DA:194,1
DA:195,1
DA:196,1
DA:199,1
DA:200,1
DA:201,1
DA:202,1
DA:203,1
DA:204,1
DA:205,1
DA:208,1
DA:209,1
DA:210,1
DA:213,1
DA:216,1
DA:217,1
DA:218,1
DA:221,1
DA:222,1
DA:223,1
DA:226,1
DA:229,1
DA:230,1
DA:231,1
DA:232,1
DA:234,1
DA:235,1
DA:236,1
DA:237,1
DA:240,1
DA:241,1
DA:242,1
DA:243,1
DA:245,1
DA:246,1
DA:247,1
DA:249,1
BRF:0
BRH:0
LF:148
LH:148
end_of_record
SF:/home/matthew/develop/personal/gdsr/crates/gdsr/src/elements/text/utils.rs
FN:3,_RNvNtNtNtCseALiLYCy7VT_4gdsr8elements4text5utils22get_presentation_value
FN:23,_RNvNtNtNtCseALiLYCy7VT_4gdsr8elements4text5utils28get_presentations_from_value
FN:150,_RNvNtNtNtNtCsjdcaWkh8Zqt_4gdsr8elements4text5utils5testss_38test_roundtrip_presentation_conversion
FN:141,_RNvNtNtNtNtCsjdcaWkh8Zqt_4gdsr8elements4text5utils5testss_41test_get_presentations_from_value_invalid
FN:118,_RNvNtNtNtNtCsjdcaWkh8Zqt_4gdsr8elements4text5utils5testss_43test_get_presentations_from_value_all_valid
FN:50,_RNvNtNtNtNtCsjdcaWkh8Zqt_4gdsr8elements4text5utils5testss_44test_get_presentation_value_all_combinations
FN:3,_RNvNtNtNtCsjdcaWkh8Zqt_4gdsr8elements4text5utils22get_presentation_value
FN:23,_RNvNtNtNtCsjdcaWkh8Zqt_4gdsr8elements4text5utils28get_presentations_from_value
FNDA:5,_RNvNtNtNtCseALiLYCy7VT_4gdsr8elements4text5utils22get_presentation_value
FNDA:5,_RNvNtNtNtCseALiLYCy7VT_4gdsr8elements4text5utils28get_presentations_from_value
FNDA:1,_RNvNtNtNtNtCsjdcaWkh8Zqt_4gdsr8elements4text5utils5testss_38test_roundtrip_presentation_conversion
FNDA:1,_RNvNtNtNtNtCsjdcaWkh8Zqt_4gdsr8elements4text5utils5testss_41test_get_presentations_from_value_invalid
FNDA:1,_RNvNtNtNtNtCsjdcaWkh8Zqt_4gdsr8elements4text5utils5testss_43test_get_presentations_from_value_all_valid
FNDA:1,_RNvNtNtNtNtCsjdcaWkh8Zqt_4gdsr8elements4text5utils5testss_44test_get_presentation_value_all_combinations
FNDA:18,_RNvNtNtNtCsjdcaWkh8Zqt_4gdsr8elements4text5utils22get_presentation_value
FNDA:23,_RNvNtNtNtCsjdcaWkh8Zqt_4gdsr8elements4text5utils28get_presentations_from_value
FNF:6
FNH:6
DA:3,23
DA:4,23
DA:5,23
DA:6,23
DA:7,23
DA:8,23
DA:10,23
DA:11,2
DA:12,2
DA:13,2
DA:14,5
DA:15,2
DA:16,2
DA:17,2
DA:18,3
DA:19,3
DA:21,23
DA:23,28
DA:24,28
DA:25,28
DA:26,28
DA:27,3
DA:28,2
DA:29,2
DA:30,2
DA:31,5
DA:32,2
DA:33,2
DA:34,2
DA:35,3
DA:36,5
DA:39,23
DA:40,23
DA:42,23
DA:43,28
DA:50,1
DA:52,1
DA:53,1
DA:54,1
DA:55,1
DA:59,1
DA:60,1
DA:61,1
DA:62,1
DA:66,1
DA:67,1
DA:68,1
DA:69,1
DA:73,1
DA:74,1
DA:75,1
DA:76,1
DA:80,1
DA:81,1
DA:82,1
DA:83,1
DA:87,1
DA:88,1
DA:89,1
DA:90,1
DA:94,1
DA:95,1
DA:96,1
DA:97,1
DA:101,1
DA:102,1
DA:103,1
DA:104,1
DA:108,1
DA:109,1
DA:110,1
DA:111,1
DA:115,1
DA:118,1
DA:119,1
DA:120,1
DA:121,1
DA:122,1
DA:123,1
DA:124,1
DA:125,1
DA:126,1
DA:127,1
DA:128,1
DA:131,10
DA:132,9
DA:133,9
DA:134,9
DA:135,9
DA:136,9
DA:138,1
DA:141,1
DA:142,1
DA:143,1
DA:144,1
DA:145,1
DA:146,1
DA:147,1
DA:150,1
[...]
FN:114,_RNvNtNtCsjdcaWkh8Zqt_4gdsr5utils8geometry16is_point_on_edge
FN:138,_RNvNtNtCsjdcaWkh8Zqt_4gdsr5utils8geometry17round_to_decimals
FN:12,_RNvNtNtCsjdcaWkh8Zqt_4gdsr5utils8geometry18to_geo_float_coord
FN:23,_RNvNtNtCsjdcaWkh8Zqt_4gdsr5utils8geometry18to_geo_float_point
FN:8,_RNvNtNtCsjdcaWkh8Zqt_4gdsr5utils8geometry19to_geo_float_coords
FN:19,_RNvNtNtCsjdcaWkh8Zqt_4gdsr5utils8geometry19to_geo_float_points
FN:132,_RNvNtNtCsjdcaWkh8Zqt_4gdsr5utils8geometry24is_point_on_line_segment
FN:54,_RNvNtNtCsjdcaWkh8Zqt_4gdsr5utils8geometry4area
FN:78,_RNvNtNtCsjdcaWkh8Zqt_4gdsr5utils8geometry9perimeter
FN:203,_RNvNtNtNtCsjdcaWkh8Zqt_4gdsr5utils8geometry5testss_14test_perimeter
FN:150,_RNvNtNtNtCsjdcaWkh8Zqt_4gdsr5utils8geometry5testss_17test_bounding_box
FN:178,_RNvNtNtNtCsjdcaWkh8Zqt_4gdsr5utils8geometry5testss_17test_point_inside
FN:219,_RNvNtNtNtCsjdcaWkh8Zqt_4gdsr5utils8geometry5testss_18test_area_triangle
FN:191,_RNvNtNtNtCsjdcaWkh8Zqt_4gdsr5utils8geometry5testss_18test_point_on_edge
FN:341,_RNvNtNtNtCsjdcaWkh8Zqt_4gdsr5utils8geometry5testss_22test_round_to_decimals
FN:233,_RNvNtNtNtCsjdcaWkh8Zqt_4gdsr5utils8geometry5testss_23test_area_empty_polygon
FN:324,_RNvNtNtNtCsjdcaWkh8Zqt_4gdsr5utils8geometry5testss_23test_bounding_box_empty
FN:245,_RNvNtNtNtCsjdcaWkh8Zqt_4gdsr5utils8geometry5testss_27test_perimeter_open_polygon
FN:282,_RNvNtNtNtCsjdcaWkh8Zqt_4gdsr5utils8geometry5testss_27test_point_on_edge_midpoint
FN:259,_RNvNtNtNtCsjdcaWkh8Zqt_4gdsr5utils8geometry5testss_28test_point_inside_edge_cases
FN:297,_RNvNtNtNtCsjdcaWkh8Zqt_4gdsr5utils8geometry5testss_29test_is_point_on_line_segment
FN:332,_RNvNtNtNtCsjdcaWkh8Zqt_4gdsr5utils8geometry5testss_30test_bounding_box_single_point
FN:164,_RNvNtNtNtCsjdcaWkh8Zqt_4gdsr5utils8geometry5testss_9test_area
FNDA:0,_RNvNtNtCseALiLYCy7VT_4gdsr5utils8geometry12bounding_box
FNDA:0,_RNvNtNtCseALiLYCy7VT_4gdsr5utils8geometry15is_point_inside
FNDA:0,_RNvNtNtCseALiLYCy7VT_4gdsr5utils8geometry16is_point_on_edge
FNDA:6,_RNvNtNtCseALiLYCy7VT_4gdsr5utils8geometry17round_to_decimals
FNDA:0,_RNvNtNtCseALiLYCy7VT_4gdsr5utils8geometry18to_geo_float_coord
FNDA:0,_RNvNtNtCseALiLYCy7VT_4gdsr5utils8geometry18to_geo_float_point
FNDA:0,_RNvNtNtCseALiLYCy7VT_4gdsr5utils8geometry19to_geo_float_coords
FNDA:0,_RNvNtNtCseALiLYCy7VT_4gdsr5utils8geometry19to_geo_float_points
FNDA:0,_RNvNtNtCseALiLYCy7VT_4gdsr5utils8geometry24is_point_on_line_segment
FNDA:0,_RNvNtNtCseALiLYCy7VT_4gdsr5utils8geometry4area
FNDA:0,_RNvNtNtCseALiLYCy7VT_4gdsr5utils8geometry9perimeter
FNDA:0,_RNCNvNtNtCseALiLYCy7VT_4gdsr5utils8geometry12bounding_box0B7_
FNDA:0,_RNCNvNtNtCseALiLYCy7VT_4gdsr5utils8geometry12bounding_boxs_0B7_
FNDA:0,_RNCNvNtNtCsjdcaWkh8Zqt_4gdsr5utils8geometry12bounding_box0B7_
FNDA:4,_RNCNvNtNtCsjdcaWkh8Zqt_4gdsr5utils8geometry12bounding_boxs_0B7_
FNDA:5,_RNvNtNtCsjdcaWkh8Zqt_4gdsr5utils8geometry12bounding_box
FNDA:10,_RNvNtNtCsjdcaWkh8Zqt_4gdsr5utils8geometry15is_point_inside
FNDA:10,_RNvNtNtCsjdcaWkh8Zqt_4gdsr5utils8geometry16is_point_on_edge
FNDA:4,_RNvNtNtCsjdcaWkh8Zqt_4gdsr5utils8geometry17round_to_decimals
FNDA:202,_RNvNtNtCsjdcaWkh8Zqt_4gdsr5utils8geometry18to_geo_float_coord
FNDA:14,_RNvNtNtCsjdcaWkh8Zqt_4gdsr5utils8geometry18to_geo_float_point
FNDA:18,_RNvNtNtCsjdcaWkh8Zqt_4gdsr5utils8geometry19to_geo_float_coords
FNDA:4,_RNvNtNtCsjdcaWkh8Zqt_4gdsr5utils8geometry19to_geo_float_points
FNDA:34,_RNvNtNtCsjdcaWkh8Zqt_4gdsr5utils8geometry24is_point_on_line_segment
FNDA:8,_RNvNtNtCsjdcaWkh8Zqt_4gdsr5utils8geometry4area
FNDA:5,_RNvNtNtCsjdcaWkh8Zqt_4gdsr5utils8geometry9perimeter
FNDA:1,_RNvNtNtNtCsjdcaWkh8Zqt_4gdsr5utils8geometry5testss_14test_perimeter
FNDA:1,_RNvNtNtNtCsjdcaWkh8Zqt_4gdsr5utils8geometry5testss_17test_bounding_box
FNDA:1,_RNvNtNtNtCsjdcaWkh8Zqt_4gdsr5utils8geometry5testss_17test_point_inside
FNDA:1,_RNvNtNtNtCsjdcaWkh8Zqt_4gdsr5utils8geometry5testss_18test_area_triangle
FNDA:1,_RNvNtNtNtCsjdcaWkh8Zqt_4gdsr5utils8geometry5testss_18test_point_on_edge
FNDA:1,_RNvNtNtNtCsjdcaWkh8Zqt_4gdsr5utils8geometry5testss_22test_round_to_decimals
FNDA:1,_RNvNtNtNtCsjdcaWkh8Zqt_4gdsr5utils8geometry5testss_23test_area_empty_polygon
FNDA:1,_RNvNtNtNtCsjdcaWkh8Zqt_4gdsr5utils8geometry5testss_23test_bounding_box_empty
FNDA:1,_RNvNtNtNtCsjdcaWkh8Zqt_4gdsr5utils8geometry5testss_27test_perimeter_open_polygon
FNDA:1,_RNvNtNtNtCsjdcaWkh8Zqt_4gdsr5utils8geometry5testss_27test_point_on_edge_midpoint
FNDA:1,_RNvNtNtNtCsjdcaWkh8Zqt_4gdsr5utils8geometry5testss_28test_point_inside_edge_cases
FNDA:1,_RNvNtNtNtCsjdcaWkh8Zqt_4gdsr5utils8geometry5testss_29test_is_point_on_line_segment
FNDA:1,_RNvNtNtNtCsjdcaWkh8Zqt_4gdsr5utils8geometry5testss_30test_bounding_box_single_point
FNDA:1,_RNvNtNtNtCsjdcaWkh8Zqt_4gdsr5utils8geometry5testss_9test_area
FNF:27
FNH:26
DA:8,18
DA:9,18
DA:10,18
DA:12,202
DA:13,202
DA:14,202
DA:15,202
DA:16,202
DA:17,202
DA:19,4
DA:20,4
DA:21,4
DA:23,14
DA:24,14
DA:25,14
DA:29,5
DA:30,5
DA:31,1
DA:32,4
DA:35,4
DA:36,4
DA:37,0
DA:38,0
DA:39,0
DA:40,0
DA:41,4
DA:42,4
DA:44,4
DA:45,4
DA:46,4
DA:47,4
DA:48,4
DA:50,5
DA:54,8
DA:55,8
DA:56,4
DA:57,4
DA:59,4
DA:62,4
DA:63,4
DA:64,4
DA:65,2
DA:66,2
DA:67,0
DA:69,4
DA:70,4
DA:72,4
DA:73,8
DA:78,5
DA:79,5
DA:80,1
DA:81,4
DA:83,4
DA:85,4
DA:87,4
DA:88,5
DA:92,10
DA:93,10
DA:94,0
DA:95,10
DA:97,10
DA:100,10
DA:101,10
DA:102,10
DA:103,7
DA:104,7
DA:105,0
DA:107,10
DA:108,10
DA:110,10
DA:111,10
DA:114,10
DA:115,10
DA:116,0
DA:117,10
DA:119,10
DA:120,31
DA:121,31
DA:122,31
DA:124,31
DA:125,5
DA:126,26
DA:128,5
DA:129,10
DA:132,34
DA:133,34
DA:134,34
DA:135,34
DA:138,10
DA:139,10
DA:140,10
DA:141,10
DA:150,1
DA:151,1
DA:152,1
DA:153,1
DA:154,1
DA:155,1
DA:158,1
DA:159,1
DA:160,1
DA:161,1
DA:164,1
DA:166,1
DA:167,1
DA:168,1
DA:169,1
DA:170,1
DA:171,1
DA:173,1
DA:174,1
DA:175,1
DA:178,1
DA:179,1
DA:180,1
DA:181,1
DA:182,1
DA:183,1
DA:184,1
DA:186,1
DA:187,1
DA:188,1
DA:191,1
DA:192,1
DA:193,1
DA:194,1
DA:195,1
DA:196,1
DA:198,1
DA:199,1
DA:200,1
DA:203,1
DA:205,1
DA:206,1
DA:207,1
DA:208,1
DA:209,1
DA:210,1
DA:211,1
DA:213,1
DA:215,1
DA:216,1
DA:219,1
DA:221,1
DA:222,1
DA:223,1
DA:224,1
DA:225,1
DA:227,1
DA:229,1
DA:230,1
DA:233,1
DA:234,1
DA:235,1
DA:237,1
DA:238,1
DA:240,1
DA:241,1
DA:242,1
DA:245,1
DA:247,1
DA:248,1
DA:249,1
DA:250,1
DA:251,1
DA:253,1
DA:255,1
DA:256,1
DA:259,1
DA:260,1
DA:261,1
DA:262,1
DA:263,1
DA:264,1
DA:265,1
DA:268,1
DA:271,1
DA:274,1
DA:277,1
DA:278,1
DA:279,1
DA:282,1
DA:283,1
DA:284,1
DA:285,1
DA:286,1
DA:287,1
DA:290,1
DA:293,1
DA:294,1
DA:297,1
DA:298,1
DA:299,1
DA:302,1
DA:303,1
DA:304,1
DA:305,1
DA:309,1
DA:310,1
DA:311,1
DA:312,1
DA:313,1
DA:316,1
DA:317,1
DA:318,1
DA:319,1
DA:320,1
DA:321,1
DA:324,1
DA:325,1
DA:326,1
DA:327,1
DA:328,1
DA:329,1
DA:332,1
DA:333,1
DA:334,1
DA:335,1
DA:336,1
DA:337,1
DA:341,1
DA:342,1
DA:343,1
DA:344,1
DA:345,1
DA:346,1
BRF:0
BRH:0
LF:226
LH:218
end_of_record
SF:/home/matthew/develop/personal/gdsr/crates/gdsr/src/utils/io.rs
FN:147,_RINvNtNtCseALiLYCy7VT_4gdsr5utils2io9write_gdsReINtNtNtNtCsHIej2QEFI5_3std11collections4hash3map6ValuesNtNtCsgag4BwXrjBQ_5alloc6string6StringNtNtB6_4cell4CellEECscAl2Su1aNRC_4gdsr
FN:534,_RNvNtNtCseALiLYCy7VT_4gdsr5utils2io11read_i16_be
FN:548,_RNvNtNtCseALiLYCy7VT_4gdsr5utils2io11read_i32_be
FN:565,_RNvNtNtCseALiLYCy7VT_4gdsr5utils2io11read_u64_be
FN:82,_RNvNtNtCseALiLYCy7VT_4gdsr5utils2io20write_points_to_file
FN:19,_RNvNtNtCseALiLYCy7VT_4gdsr5utils2io22write_gds_head_to_file
FN:62,_RNvNtNtCseALiLYCy7VT_4gdsr5utils2io22write_gds_tail_to_file
FN:604,_RNvNtNtCseALiLYCy7VT_4gdsr5utils2io23get_points_from_i32_vec
FN:70,_RNvNtNtCseALiLYCy7VT_4gdsr5utils2io23write_u16_array_to_file
FN:586,_RNvNtNtCseALiLYCy7VT_4gdsr5utils2io24eight_byte_real_to_float
FN:113,_RNvNtNtCseALiLYCy7VT_4gdsr5utils2io26write_element_tail_to_file
FN:167,_RNvNtNtCseALiLYCy7VT_4gdsr5utils2io28write_transformation_to_file
FN:121,_RNvNtNtCseALiLYCy7VT_4gdsr5utils2io32write_string_with_record_to_file
FN:75,_RNvNtNtCseALiLYCy7VT_4gdsr5utils2io38write_float_to_eight_byte_real_to_file
FN:606,_RNCNvNtNtCseALiLYCy7VT_4gdsr5utils2io23get_points_from_i32_vec0B7_
FN:206,_RINvNtNtCsjdcaWkh8Zqt_4gdsr5utils2io8from_gdspEB6_
FN:147,_RINvNtNtCsjdcaWkh8Zqt_4gdsr5utils2io9write_gdsppEB6_
FN:304,_RNCINvNtNtCsjdcaWkh8Zqt_4gdsr5utils2io8from_gdspE0B8_
FN:326,_RNCINvNtNtCsjdcaWkh8Zqt_4gdsr5utils2io8from_gdspEs_0B8_
FN:606,_RNCNvNtNtCsjdcaWkh8Zqt_4gdsr5utils2io23get_points_from_i32_vec0B7_
FN:489,_RNCNvXININtNtCsjdcaWkh8Zqt_4gdsr5utils2ios_0pEINtB7_12RecordReaderpENtNtNtNtCs3XFJfFEDSOQ_4core4iter6traits8iterator8Iterator4next0Bb_
FN:529,_RNCNvXININtNtCsjdcaWkh8Zqt_4gdsr5utils2ios_0pEINtB7_12RecordReaderpENtNtNtNtCs3XFJfFEDSOQ_4core4iter6traits8iterator8Iterator4nexts0_0Bb_
FN:523,_RNCNvXININtNtCsjdcaWkh8Zqt_4gdsr5utils2ios_0pEINtB7_12RecordReaderpENtNtNtNtCs3XFJfFEDSOQ_4core4iter6traits8iterator8Iterator4nexts_0Bb_
FN:460,_RNvMNtNtCsjdcaWkh8Zqt_4gdsr5utils2ioINtB2_12RecordReaderpE3newB6_
FN:534,_RNvNtNtCsjdcaWkh8Zqt_4gdsr5utils2io11read_i16_be
FN:548,_RNvNtNtCsjdcaWkh8Zqt_4gdsr5utils2io11read_i32_be
FN:565,_RNvNtNtCsjdcaWkh8Zqt_4gdsr5utils2io11read_u64_be
FN:82,_RNvNtNtCsjdcaWkh8Zqt_4gdsr5utils2io20write_points_to_file
FN:19,_RNvNtNtCsjdcaWkh8Zqt_4gdsr5utils2io22write_gds_head_to_file
FN:62,_RNvNtNtCsjdcaWkh8Zqt_4gdsr5utils2io22write_gds_tail_to_file
FN:604,_RNvNtNtCsjdcaWkh8Zqt_4gdsr5utils2io23get_points_from_i32_vec
FN:70,_RNvNtNtCsjdcaWkh8Zqt_4gdsr5utils2io23write_u16_array_to_file
FN:586,_RNvNtNtCsjdcaWkh8Zqt_4gdsr5utils2io24eight_byte_real_to_float
FN:113,_RNvNtNtCsjdcaWkh8Zqt_4gdsr5utils2io26write_element_tail_to_file
FN:167,_RNvNtNtCsjdcaWkh8Zqt_4gdsr5utils2io28write_transformation_to_file
FN:121,_RNvNtNtCsjdcaWkh8Zqt_4gdsr5utils2io32write_string_with_record_to_file
FN:75,_RNvNtNtCsjdcaWkh8Zqt_4gdsr5utils2io38write_float_to_eight_byte_real_to_file
FN:468,_RNvXININtNtCsjdcaWkh8Zqt_4gdsr5utils2ios_0pEINtB5_12RecordReaderpENtNtNtNtCs3XFJfFEDSOQ_4core4iter6traits8iterator8Iterator4nextB9_
FN:206,_RINvNtNtCseALiLYCy7VT_4gdsr5utils2io8from_gdsReECsfi9sC8nGtV7_10read_write
FN:147,_RINvNtNtCseALiLYCy7VT_4gdsr5utils2io9write_gdsReINtNtNtNtCsHIej2QEFI5_3std11collections4hash3map6ValuesNtNtCsgag4BwXrjBQ_5alloc6string6StringNtNtB6_4cell4CellEECsfi9sC8nGtV7_10read_write
FN:304,_RNCINvNtNtCseALiLYCy7VT_4gdsr5utils2io8from_gdsReE0Csfi9sC8nGtV7_10read_write
FN:326,_RNCINvNtNtCseALiLYCy7VT_4gdsr5utils2io8from_gdsReEs_0Csfi9sC8nGtV7_10read_write
FN:489,_RNCNvXs_NtNtCseALiLYCy7VT_4gdsr5utils2ioINtB6_12RecordReaderNtNtCsHIej2QEFI5_3std2fs4FileENtNtNtNtCs3XFJfFEDSOQ_4core4iter6traits8iterator8Iterator4next0Csfi9sC8nGtV7_10read_write
FN:529,_RNCNvXs_NtNtCseALiLYCy7VT_4gdsr5utils2ioINtB6_12RecordReaderNtNtCsHIej2QEFI5_3std2fs4FileENtNtNtNtCs3XFJfFEDSOQ_4core4iter6traits8iterator8Iterator4nexts0_0Csfi9sC8nGtV7_10read_write
FN:523,_RNCNvXs_NtNtCseALiLYCy7VT_4gdsr5utils2ioINtB6_12RecordReaderNtNtCsHIej2QEFI5_3std2fs4FileENtNtNtNtCs3XFJfFEDSOQ_4core4iter6traits8iterator8Iterator4nexts_0Csfi9sC8nGtV7_10read_write
FN:460,_RNvMNtNtCseALiLYCy7VT_4gdsr5utils2ioINtB2_12RecordReaderNtNtCsHIej2QEFI5_3std2fs4FileE3newCsfi9sC8nGtV7_10read_write
FN:468,_RNvXs_NtNtCseALiLYCy7VT_4gdsr5utils2ioINtB4_12RecordReaderNtNtCsHIej2QEFI5_3std2fs4FileENtNtNtNtCs3XFJfFEDSOQ_4core4iter6traits8iterator8Iterator4nextCsfi9sC8nGtV7_10read_write
FNDA:0,_RINvNtNtCseALiLYCy7VT_4gdsr5utils2io9write_gdsReINtNtNtNtCsHIej2QEFI5_3std11collections4hash3map6ValuesNtNtCsgag4BwXrjBQ_5alloc6string6StringNtNtB6_4cell4CellEECscAl2Su1aNRC_4gdsr
FNDA:152,_RNvNtNtCseALiLYCy7VT_4gdsr5utils2io11read_i16_be
FNDA:57,_RNvNtNtCseALiLYCy7VT_4gdsr5utils2io11read_i32_be
FNDA:16,_RNvNtNtCseALiLYCy7VT_4gdsr5utils2io11read_u64_be
FNDA:51,_RNvNtNtCseALiLYCy7VT_4gdsr5utils2io20write_points_to_file
FNDA:11,_RNvNtNtCseALiLYCy7VT_4gdsr5utils2io22write_gds_head_to_file
FNDA:11,_RNvNtNtCseALiLYCy7VT_4gdsr5utils2io22write_gds_tail_to_file
FNDA:51,_RNvNtNtCseALiLYCy7VT_4gdsr5utils2io23get_points_from_i32_vec
FNDA:289,_RNvNtNtCseALiLYCy7VT_4gdsr5utils2io23write_u16_array_to_file
FNDA:27,_RNvNtNtCseALiLYCy7VT_4gdsr5utils2io24eight_byte_real_to_float
FNDA:51,_RNvNtNtCseALiLYCy7VT_4gdsr5utils2io26write_element_tail_to_file
FNDA:10,_RNvNtNtCseALiLYCy7VT_4gdsr5utils2io28write_transformation_to_file
FNDA:40,_RNvNtNtCseALiLYCy7VT_4gdsr5utils2io32write_string_with_record_to_file
FNDA:27,_RNvNtNtCseALiLYCy7VT_4gdsr5utils2io38write_float_to_eight_byte_real_to_file
FNDA:212,_RNCNvNtNtCseALiLYCy7VT_4gdsr5utils2io23get_points_from_i32_vec0B7_
FNDA:0,_RINvNtNtCsjdcaWkh8Zqt_4gdsr5utils2io8from_gdspEB6_
FNDA:0,_RINvNtNtCsjdcaWkh8Zqt_4gdsr5utils2io9write_gdsppEB6_
FNDA:0,_RNCINvNtNtCsjdcaWkh8Zqt_4gdsr5utils2io8from_gdspE0B8_
FNDA:0,_RNCINvNtNtCsjdcaWkh8Zqt_4gdsr5utils2io8from_gdspEs_0B8_
FNDA:0,_RNCNvNtNtCsjdcaWkh8Zqt_4gdsr5utils2io23get_points_from_i32_vec0B7_
FNDA:0,_RNCNvXININtNtCsjdcaWkh8Zqt_4gdsr5utils2ios_0pEINtB7_12RecordReaderpENtNtNtNtCs3XFJfFEDSOQ_4core4iter6traits8iterator8Iterator4next0Bb_
FNDA:0,_RNCNvXININtNtCsjdcaWkh8Zqt_4gdsr5utils2ios_0pEINtB7_12RecordReaderpENtNtNtNtCs3XFJfFEDSOQ_4core4iter6traits8iterator8Iterator4nexts0_0Bb_
FNDA:0,_RNCNvXININtNtCsjdcaWkh8Zqt_4gdsr5utils2ios_0pEINtB7_12RecordReaderpENtNtNtNtCs3XFJfFEDSOQ_4core4iter6traits8iterator8Iterator4nexts_0Bb_
FNDA:0,_RNvMNtNtCsjdcaWkh8Zqt_4gdsr5utils2ioINtB2_12RecordReaderpE3newB6_
FNDA:0,_RNvNtNtCsjdcaWkh8Zqt_4gdsr5utils2io11read_i16_be
FNDA:0,_RNvNtNtCsjdcaWkh8Zqt_4gdsr5utils2io11read_i32_be
FNDA:0,_RNvNtNtCsjdcaWkh8Zqt_4gdsr5utils2io11read_u64_be
FNDA:0,_RNvNtNtCsjdcaWkh8Zqt_4gdsr5utils2io20write_points_to_file
FNDA:0,_RNvNtNtCsjdcaWkh8Zqt_4gdsr5utils2io22write_gds_head_to_file
FNDA:0,_RNvNtNtCsjdcaWkh8Zqt_4gdsr5utils2io22write_gds_tail_to_file
FNDA:0,_RNvNtNtCsjdcaWkh8Zqt_4gdsr5utils2io23get_points_from_i32_vec
FNDA:0,_RNvNtNtCsjdcaWkh8Zqt_4gdsr5utils2io23write_u16_array_to_file
FNDA:0,_RNvNtNtCsjdcaWkh8Zqt_4gdsr5utils2io24eight_byte_real_to_float
FNDA:0,_RNvNtNtCsjdcaWkh8Zqt_4gdsr5utils2io26write_element_tail_to_file
FNDA:0,_RNvNtNtCsjdcaWkh8Zqt_4gdsr5utils2io28write_transformation_to_file
FNDA:0,_RNvNtNtCsjdcaWkh8Zqt_4gdsr5utils2io32write_string_with_record_to_file
FNDA:0,_RNvNtNtCsjdcaWkh8Zqt_4gdsr5utils2io38write_float_to_eight_byte_real_to_file
FNDA:0,_RNvXININtNtCsjdcaWkh8Zqt_4gdsr5utils2ios_0pEINtB5_12RecordReaderpENtNtNtNtCs3XFJfFEDSOQ_4core4iter6traits8iterator8Iterator4nextB9_
FNDA:12,_RINvNtNtCseALiLYCy7VT_4gdsr5utils2io8from_gdsReECsfi9sC8nGtV7_10read_write
FNDA:11,_RINvNtNtCseALiLYCy7VT_4gdsr5utils2io9write_gdsReINtNtNtNtCsHIej2QEFI5_3std11collections4hash3map6ValuesNtNtCsgag4BwXrjBQ_5alloc6string6StringNtNtB6_4cell4CellEECsfi9sC8nGtV7_10read_write
FNDA:212,_RNCINvNtNtCseALiLYCy7VT_4gdsr5utils2io8from_gdsReE0Csfi9sC8nGtV7_10read_write
FNDA:15,_RNCINvNtNtCseALiLYCy7VT_4gdsr5utils2io8from_gdsReEs_0Csfi9sC8nGtV7_10read_write
FNDA:265,_RNCNvXs_NtNtCseALiLYCy7VT_4gdsr5utils2ioINtB6_12RecordReaderNtNtCsHIej2QEFI5_3std2fs4FileENtNtNtNtCs3XFJfFEDSOQ_4core4iter6traits8iterator8Iterator4next0Csfi9sC8nGtV7_10read_write
FNDA:397,_RNCNvXs_NtNtCseALiLYCy7VT_4gdsr5utils2ioINtB6_12RecordReaderNtNtCsHIej2QEFI5_3std2fs4FileENtNtNtNtCs3XFJfFEDSOQ_4core4iter6traits8iterator8Iterator4nexts0_0Csfi9sC8nGtV7_10read_write
FNDA:0,_RNCNvXs_NtNtCseALiLYCy7VT_4gdsr5utils2ioINtB6_12RecordReaderNtNtCsHIej2QEFI5_3std2fs4FileENtNtNtNtCs3XFJfFEDSOQ_4core4iter6traits8iterator8Iterator4nexts_0Csfi9sC8nGtV7_10read_write
FNDA:11,_RNvMNtNtCseALiLYCy7VT_4gdsr5utils2ioINtB2_12RecordReaderNtNtCsHIej2QEFI5_3std2fs4FileE3newCsfi9sC8nGtV7_10read_write
FNDA:408,_RNvXs_NtNtCseALiLYCy7VT_4gdsr5utils2ioINtB4_12RecordReaderNtNtCsHIej2QEFI5_3std2fs4FileENtNtNtNtCs3XFJfFEDSOQ_4core4iter6traits8iterator8Iterator4nextCsfi9sC8nGtV7_10read_write
FNF:23
FNH:22
DA:19,11
DA:20,11
DA:21,11
DA:22,11
DA:23,11
DA:24,11
DA:25,11
DA:26,11
DA:28,11
DA:29,11
DA:30,11
DA:31,11
DA:32,11
DA:33,11
DA:34,11
DA:35,11
DA:36,11
DA:37,11
DA:38,11
DA:39,11
DA:40,11
DA:41,11
DA:42,11
DA:43,11
DA:44,11
DA:45,11
DA:46,11
DA:48,11
DA:50,11
DA:52,11
DA:53,11
DA:54,11
DA:55,11
DA:56,11
DA:58,11
DA:59,11
DA:60,11
DA:62,11
DA:63,11
DA:64,11
DA:65,11
DA:66,11
DA:67,11
DA:68,11
DA:70,289
DA:71,289
DA:72,289
DA:73,289
DA:75,27
DA:76,27
DA:77,27
DA:78,27
DA:82,51
DA:83,51
DA:84,51
DA:85,51
DA:86,51
DA:87,51
DA:89,51
DA:91,51
DA:92,51
DA:93,51
DA:94,51
DA:95,51
DA:97,51
DA:99,263
DA:100,212
DA:101,212
DA:103,212
DA:104,212
DA:106,212
DA:107,212
DA:110,51
DA:111,51
DA:113,51
DA:114,51
DA:115,51
DA:116,51
DA:117,51
DA:118,51
DA:119,51
DA:121,40
DA:122,40
DA:123,40
DA:124,40
DA:125,40
DA:126,40
DA:127,40
DA:128,16
DA:129,24
DA:131,40
DA:133,40
DA:134,16
DA:135,24
DA:137,40
DA:138,40
DA:139,40
DA:140,40
DA:142,40
DA:144,40
DA:145,40
DA:147,11
DA:148,11
DA:149,11
DA:150,11
DA:151,11
DA:152,11
DA:153,11
DA:154,11
DA:156,11
DA:158,30
DA:159,19
DA:162,11
DA:164,11
DA:165,11
DA:167,10
DA:168,10
DA:169,10
DA:170,10
DA:171,10
DA:172,10
DA:173,10
DA:174,10
DA:175,3
DA:177,3
DA:178,3
DA:181,3
DA:183,3
DA:184,3
DA:185,3
DA:186,3
DA:187,3
DA:188,3
DA:189,3
DA:190,0
DA:192,3
DA:193,2
DA:194,2
DA:195,2
DA:196,2
DA:197,2
DA:198,2
DA:199,1
DA:200,7
DA:202,10
DA:203,10
DA:206,12
DA:207,12
DA:208,12
DA:209,12
DA:210,12
DA:212,12
DA:213,11
DA:215,11
DA:216,11
DA:217,11
DA:218,11
DA:219,11
DA:221,11
DA:222,11
DA:224,408
DA:225,397
DA:226,397
DA:228,11
DA:229,11
DA:230,11
DA:233,11
DA:234,11
DA:236,11
DA:237,0
DA:238,11
DA:239,11
DA:240,0
DA:242,19
DA:243,19
DA:244,19
DA:246,19
DA:247,19
DA:248,19
DA:249,19
DA:250,0
DA:253,19
DA:254,19
DA:255,19
DA:257,35
DA:258,35
DA:259,35
DA:260,6
DA:261,6
DA:262,6
DA:263,5
DA:264,5
DA:265,5
DA:266,5
DA:267,5
DA:268,5
DA:270,46
DA:271,46
DA:272,46
DA:273,35
DA:274,35
DA:275,6
DA:276,6
DA:277,5
DA:278,5
DA:279,0
DA:282,41
DA:283,41
DA:284,41
DA:285,35
DA:286,35
DA:287,6
DA:288,6
DA:289,0
DA:292,6
DA:293,6
DA:294,6
DA:295,6
DA:296,6
DA:297,6
DA:298,0
DA:301,51
DA:302,51
DA:303,51
DA:304,212
DA:305,212
DA:306,212
DA:307,212
DA:308,212
DA:310,212
DA:311,51
DA:313,51
DA:314,35
DA:315,35
DA:316,6
DA:317,10
DA:318,5
DA:319,0
DA:320,0
DA:321,0
DA:323,5
DA:324,5
DA:325,5
DA:326,15
DA:327,15
DA:328,15
DA:329,5
DA:331,5
DA:333,5
DA:334,5
DA:335,5
DA:336,5
DA:337,5
DA:339,0
DA:341,5
DA:342,5
DA:343,5
DA:345,0
DA:348,0
DA:350,5
DA:351,5
DA:352,5
DA:353,5
DA:354,0
DA:355,0
DA:358,51
DA:359,51
DA:360,35
DA:361,35
DA:362,6
DA:363,10
DA:364,5
DA:365,5
DA:366,5
DA:367,5
DA:368,0
DA:369,51
DA:370,51
DA:371,51
DA:372,51
DA:375,5
DA:376,5
DA:377,5
DA:378,5
DA:379,5
DA:380,0
DA:381,0
DA:384,5
DA:385,5
DA:386,5
DA:387,5
DA:388,5
DA:389,0
DA:392,5
DA:393,5
DA:394,5
DA:395,5
DA:396,5
DA:397,5
DA:398,5
DA:399,5
DA:400,0
DA:401,0
DA:404,5
DA:405,5
DA:406,5
DA:407,5
DA:408,0
DA:411,3
DA:412,3
DA:413,3
DA:414,3
DA:415,3
DA:416,3
DA:417,0
DA:418,3
DA:419,0
DA:422,3
DA:423,3
DA:424,3
DA:425,3
DA:426,0
DA:427,0
DA:428,0
DA:431,2
DA:432,2
DA:433,2
DA:434,2
DA:435,0
DA:436,0
DA:437,0
DA:440,6
DA:441,6
DA:442,6
DA:443,6
DA:444,0
DA:446,38
DA:448,0
DA:452,11
DA:453,12
DA:460,11
DA:461,11
DA:462,11
DA:468,408
DA:469,408
DA:470,408
DA:471,11
DA:472,11
DA:473,0
DA:474,0
DA:475,397
DA:477,397
DA:478,397
DA:479,397
DA:481,397
DA:482,265
DA:483,265
DA:484,0
DA:485,265
DA:487,265
DA:488,265
DA:489,265
DA:491,152
DA:492,152
DA:495,57
DA:496,57
DA:499,16
DA:500,16
DA:501,16
DA:502,16
DA:503,16
DA:504,16
DA:507,40
DA:508,40
DA:509,16
DA:510,24
DA:511,40
DA:514,0
DA:516,265
DA:519,132
DA:522,397
DA:523,0
DA:524,0
DA:525,0
DA:526,0
DA:527,0
DA:528,0
DA:529,397
DA:531,408
DA:534,152
DA:535,152
DA:536,152
DA:537,152
DA:539,639
DA:540,487
DA:541,487
DA:542,487
DA:543,487
DA:545,152
DA:546,152
DA:548,57
DA:549,57
DA:550,57
DA:551,57
DA:553,487
DA:554,430
DA:555,430
DA:556,430
DA:557,430
DA:558,430
DA:559,430
DA:560,430
DA:562,57
DA:563,57
DA:565,16
DA:566,16
DA:567,16
DA:568,16
DA:570,43
DA:571,27
DA:572,27
DA:573,27
DA:574,27
DA:575,27
DA:576,27
DA:577,27
DA:578,27
DA:579,27
DA:580,27
DA:581,27
DA:583,16
DA:584,16
DA:586,27
DA:587,27
DA:588,27
DA:589,27
DA:591,27
DA:593,27
DA:594,27
DA:595,27
DA:597,27
DA:598,0
DA:600,27
DA:602,27
DA:604,51
DA:605,51
DA:606,212
DA:607,51
DA:608,51
BRF:0
BRH:0
LF:452
LH:409
end_of_record